#
# There is insufficient memory for the Java Runtime Environment to continue.
# Native memory allocation (mmap) failed to map 134217728 bytes for G1 virtual space
# Possible reasons:
#   The system is out of physical RAM or swap space
#   The process is running with CompressedOops enabled, and the Java Heap may be blocking the growth of the native heap
# Possible solutions:
#   Reduce memory load on the system
#   Increase physical memory or swap space
#   Check if swap backing store is full
#   Decrease Java heap size (-Xmx/-Xms)
#   Decrease number of Java threads
#   Decrease Java thread stack sizes (-Xss)
#   Set larger code cache with -XX:ReservedCodeCacheSize=
#   JVM is running with Unscaled Compressed Oops mode in which the Java heap is
#     placed in the first 4GB address space. The Java Heap base address is the
#     maximum limit for the native heap growth. Please use -XX:HeapBaseMinAddress
#     to set the Java Heap base and to place the Java Heap above 4GB virtual address.
# This output file may be truncated or incomplete.
#
#  Out of Memory Error (os_windows.cpp:3469), pid=38576, tid=8068
#
# JRE version:  (17.0.1+12) (build )
# Java VM: Java HotSpot(TM) 64-Bit Server VM (17.0.1+12-LTS-39, mixed mode, emulated-client, sharing, tiered, compressed oops, compressed class ptrs, g1 gc, windows-amd64)
# No core dump will be written. Minidumps are not enabled by default on client versions of Windows
#

---------------  S U M M A R Y ------------

Command Line: -XX:TieredStopAtLevel=1 -Xverify:none -Dspring.output.ansi.enabled=always -Dcom.sun.management.jmxremote -Dspring.jmx.enabled=true -Dspring.liveBeansView.mbeanDomain -Dspring.application.admin.enabled=true -javaagent:C:\Program Files\JetBrains\IntelliJ IDEA 2021.3.1\lib\idea_rt.jar=64858:C:\Program Files\JetBrains\IntelliJ IDEA 2021.3.1\bin -Dfile.encoding=UTF-8 com.fekim.workweout.WorkWeOutApplication

Host: Intel(R) Core(TM) i3-5005U CPU @ 2.00GHz, 4 cores, 7G,  Windows 10 , 64 bit Build 19041 (10.0.19041.3636)
Time: Wed Jan  3 22:27:44 2024  Windows 10 , 64 bit Build 19041 (10.0.19041.3636) elapsed time: 0.121102 seconds (0d 0h 0m 0s)

---------------  T H R E A D  ---------------

Current thread (0x000001fb7fbcc760):  JavaThread "Unknown thread" [_thread_in_vm, id=8068, stack(0x000000613c900000,0x000000613ca00000)]

Stack: [0x000000613c900000,0x000000613ca00000]
Native frames: (J=compiled Java code, j=interpreted, Vv=VM code, C=native code)
V  [jvm.dll+0x66fa1a]
V  [jvm.dll+0x7ce5a4]
V  [jvm.dll+0x7cfd4e]
V  [jvm.dll+0x7d03b3]
V  [jvm.dll+0x242b05]
V  [jvm.dll+0x66ca39]
V  [jvm.dll+0x661502]
V  [jvm.dll+0x30081b]
V  [jvm.dll+0x307da6]
V  [jvm.dll+0x357a1e]
V  [jvm.dll+0x357c4f]
V  [jvm.dll+0x2d7ad8]
V  [jvm.dll+0x2d8a44]
V  [jvm.dll+0x7a01e1]
V  [jvm.dll+0x365791]
V  [jvm.dll+0x77f6cc]
V  [jvm.dll+0x3e812f]
V  [jvm.dll+0x3e9bd1]
C  [jli.dll+0x527b]
C  [ucrtbase.dll+0x21bb2]
C  [KERNEL32.DLL+0x17344]
C  [ntdll.dll+0x526b1]


---------------  P R O C E S S  ---------------

Threads class SMR info:
_java_thread_list=0x00007ffefb247818, length=0, elements={
}

Java Threads: ( => current thread )

Other Threads:
  0x000001fb7fc06750 GCTaskThread "GC Thread#0" [stack: 0x000000613ca00000,0x000000613cb00000] [id=37020]
  0x000001fb7fc17390 ConcurrentGCThread "G1 Main Marker" [stack: 0x000000613cb00000,0x000000613cc00000] [id=42520]
  0x000001fb7fc17da0 ConcurrentGCThread "G1 Conc#0" [stack: 0x000000613cc00000,0x000000613cd00000] [id=29012]

[error occurred during error reporting (printing all threads), id 0xc0000005, EXCEPTION_ACCESS_VIOLATION (0xc0000005) at pc=0x00007ffefaa984b7]

VM state: not at safepoint (not fully initialized)

VM Mutex/Monitor currently owned by a thread:  ([mutex/lock_event])
[0x000001fb7fbc8620] Heap_lock - owner thread: 0x000001fb7fbcc760

Heap address: 0x0000000081800000, size: 2024 MB, Compressed Oops mode: 32-bit

CDS archive(s) mapped at: [0x0000000000000000-0x0000000000000000-0x0000000000000000), size 0, SharedBaseAddress: 0x0000000800000000, ArchiveRelocationMode: 0.
Narrow klass base: 0x0000000000000000, Narrow klass shift: 0, Narrow klass range: 0x0

GC Precious Log:
<Empty>

Heap:
 garbage-first heap   total 0K, used 0K [0x0000000081800000, 0x0000000100000000)
  region size 1024K, 0 young (0K), 0 survivors (0K)

[error occurred during error reporting (printing heap information), id 0xc0000005, EXCEPTION_ACCESS_VIOLATION (0xc0000005) at pc=0x00007ffefae78d89]

GC Heap History (0 events):
No events

Deoptimization events (0 events):
No events

Classes unloaded (0 events):
No events

Classes redefined (0 events):
No events

Internal exceptions (0 events):
No events

VM Operations (0 events):
No events

Events (1 events):
Event: 0.082 Loaded shared library C:\Program Files\Java\jdk-17.0.1\bin\java.dll


Dynamic libraries:
0x00007ff7163d0000 - 0x00007ff7163e0000 	C:\Program Files\Java\jdk-17.0.1\bin\java.exe
0x00007fff34e50000 - 0x00007fff35048000 	C:\WINDOWS\SYSTEM32\ntdll.dll
0x00007fff34a90000 - 0x00007fff34b4d000 	C:\WINDOWS\System32\KERNEL32.DLL
0x00007fff328a0000 - 0x00007fff32b96000 	C:\WINDOWS\System32\KERNELBASE.dll
0x00007fff32ba0000 - 0x00007fff32ca0000 	C:\WINDOWS\System32\ucrtbase.dll
0x00007fff22530000 - 0x00007fff22548000 	C:\Program Files\Java\jdk-17.0.1\bin\jli.dll
0x00007fff349e0000 - 0x00007fff34a8f000 	C:\WINDOWS\System32\ADVAPI32.dll
0x00007fff33eb0000 - 0x00007fff33f4e000 	C:\WINDOWS\System32\msvcrt.dll
0x00007fff33330000 - 0x00007fff333cc000 	C:\WINDOWS\System32\sechost.dll
0x00007fff34140000 - 0x00007fff34266000 	C:\WINDOWS\System32\RPCRT4.dll
0x00007fff34c60000 - 0x00007fff34dfe000 	C:\WINDOWS\System32\USER32.dll
0x00007fff32530000 - 0x00007fff32552000 	C:\WINDOWS\System32\win32u.dll
0x00007fff340f0000 - 0x00007fff3411c000 	C:\WINDOWS\System32\GDI32.dll
0x00007fff23bd0000 - 0x00007fff23bea000 	C:\Program Files\Java\jdk-17.0.1\bin\VCRUNTIME140.dll
0x00007fff32d60000 - 0x00007fff32e7a000 	C:\WINDOWS\System32\gdi32full.dll
0x00007fff326c0000 - 0x00007fff3275d000 	C:\WINDOWS\System32\msvcp_win.dll
0x00007fff20320000 - 0x00007fff205ba000 	C:\WINDOWS\WinSxS\amd64_microsoft.windows.common-controls_6595b64144ccf1df_6.0.19041.3636_none_60b6a03d71f818d5\COMCTL32.dll
0x00007fff28860000 - 0x00007fff2886a000 	C:\WINDOWS\SYSTEM32\VERSION.dll
0x00007fff33e80000 - 0x00007fff33eb0000 	C:\WINDOWS\System32\IMM32.DLL
0x00007fff2cd30000 - 0x00007fff2cd3c000 	C:\Program Files\Java\jdk-17.0.1\bin\vcruntime140_1.dll
0x00007fff1eae0000 - 0x00007fff1eb6d000 	C:\Program Files\Java\jdk-17.0.1\bin\msvcp140.dll
0x00007ffefa7b0000 - 0x00007ffefb36e000 	C:\Program Files\Java\jdk-17.0.1\bin\server\jvm.dll
0x00007fff345f0000 - 0x00007fff345f8000 	C:\WINDOWS\System32\PSAPI.DLL
0x00007fff1ceb0000 - 0x00007fff1ceb9000 	C:\WINDOWS\SYSTEM32\WSOCK32.dll
0x00007fff34080000 - 0x00007fff340eb000 	C:\WINDOWS\System32\WS2_32.dll
0x00007fff1f070000 - 0x00007fff1f097000 	C:\WINDOWS\SYSTEM32\WINMM.dll
0x00007fff303b0000 - 0x00007fff303c2000 	C:\WINDOWS\SYSTEM32\kernel.appcore.dll
0x00007fff2c310000 - 0x00007fff2c31a000 	C:\Program Files\Java\jdk-17.0.1\bin\jimage.dll
0x00007fff2a840000 - 0x00007fff2aa24000 	C:\WINDOWS\SYSTEM32\DBGHELP.DLL
0x00007fff2ab90000 - 0x00007fff2abc4000 	C:\WINDOWS\SYSTEM32\dbgcore.DLL
0x00007fff32760000 - 0x00007fff327e2000 	C:\WINDOWS\System32\bcryptPrimitives.dll
0x00007fff2bbb0000 - 0x00007fff2bbbe000 	C:\Program Files\Java\jdk-17.0.1\bin\instrument.dll
0x00007fff22500000 - 0x00007fff22525000 	C:\Program Files\Java\jdk-17.0.1\bin\java.dll

dbghelp: loaded successfully - version: 4.0.5 - missing functions: none
symbol engine: initialized successfully - sym options: 0x614 - pdb path: .;C:\Program Files\Java\jdk-17.0.1\bin;C:\WINDOWS\SYSTEM32;C:\WINDOWS\WinSxS\amd64_microsoft.windows.common-controls_6595b64144ccf1df_6.0.19041.3636_none_60b6a03d71f818d5;C:\Program Files\Java\jdk-17.0.1\bin\server

VM Arguments:
jvm_args: -XX:TieredStopAtLevel=1 -Xverify:none -Dspring.output.ansi.enabled=always -Dcom.sun.management.jmxremote -Dspring.jmx.enabled=true -Dspring.liveBeansView.mbeanDomain -Dspring.application.admin.enabled=true -javaagent:C:\Program Files\JetBrains\IntelliJ IDEA 2021.3.1\lib\idea_rt.jar=64858:C:\Program Files\JetBrains\IntelliJ IDEA 2021.3.1\bin -Dfile.encoding=UTF-8 
java_command: com.fekim.workweout.WorkWeOutApplication
java_class_path (initial): C:\Users\Fekim\Desktop\Repository\work-we-out\build\classes\java\main;C:\Users\Fekim\Desktop\Repository\work-we-out\build\resources\main;C:\Users\Fekim\.gradle\caches\modules-2\files-2.1\org.projectlombok\lombok\1.18.30\f195ee86e6c896ea47a1d39defbe20eb59cd149d\lombok-1.18.30.jar;C:\Users\Fekim\.gradle\caches\modules-2\files-2.1\org.springframework.boot\spring-boot-starter-batch\3.2.1\2087ebc19a219c6125652da76b089a9c03abe414\spring-boot-starter-batch-3.2.1.jar;C:\Users\Fekim\.gradle\caches\modules-2\files-2.1\org.springframework.boot\spring-boot-starter-data-jpa\3.2.1\3d48124f433375cf0113aa69603021635b55a21a\spring-boot-starter-data-jpa-3.2.1.jar;C:\Users\Fekim\.gradle\caches\modules-2\files-2.1\org.springframework.boot\spring-boot-starter-quartz\3.2.1\93f9b495a855c0d8c8cad8aac9a22b86d2a47e67\spring-boot-starter-quartz-3.2.1.jar;C:\Users\Fekim\.gradle\caches\modules-2\files-2.1\org.springframework.boot\spring-boot-starter-security\3.2.1\86b7029d55fe7947ea7a93b4b1b38ff80bd045f8\spring-boot-starter-security-3.2.1.jar;C:\Users\Fekim\.gradle\caches\modules-2\files-2.1\org.springframework.boot\spring-boot-starter-thymeleaf\3.2.1\47e7961d0b77a14d4eb10807f7a0cf25bd68b1f2\spring-boot-starter-thymeleaf-3.2.1.jar;C:\Users\Fekim\.gradle\caches\modules-2\files-2.1\org.springframework.boot\spring-boot-starter-web\3.2.1\e27e36d4222fd4d589e634e1c7f5f09f0316147c\spring-boot-starter-web-3.2.1.jar;C:\Users\Fekim\.gradle\caches\modules-2\files-2.1\org.thymeleaf.extras\thymeleaf-extras-springsecurity6\3.1.2.RELEASE\574c188eb147191e2f162419e9fc780fcf3256d7\thymeleaf-extras-springsecurity6-3.1.2.RELEASE.jar;C:\Users\Fekim\.gradle\caches\modules-2\files-2.1\org.springframework.boot\spring-boot-starter-log4j2\3.2.1\f9a07565ae7b904d18222f347f8399d867858bc4\spring-boot-starter-log4j2-3.2.1.jar;C:\Users\Fekim\.gradle\caches\modules-2\files-2.1\org.springframework.boot\spring-boot-starter-jdbc\3.2.1\e3de1c46cd238d55f0c2a5f5ea416fadce000318\spring-boot-starter-jdbc-3
Launcher Type: SUN_STANDARD

[Global flags]
     intx CICompilerCount                          = 3                                         {product} {ergonomic}
     uint ConcGCThreads                            = 1                                         {product} {ergonomic}
     uint G1ConcRefinementThreads                  = 4                                         {product} {ergonomic}
   size_t G1HeapRegionSize                         = 1048576                                   {product} {ergonomic}
    uintx GCDrainStackTargetSize                   = 64                                        {product} {ergonomic}
   size_t InitialHeapSize                          = 134217728                                 {product} {ergonomic}
     bool ManagementServer                         = true                                      {product} {command line}
   size_t MarkStackSize                            = 4194304                                   {product} {ergonomic}
   size_t MaxHeapSize                              = 2122317824                                {product} {ergonomic}
   size_t MinHeapDeltaBytes                        = 1048576                                   {product} {ergonomic}
   size_t MinHeapSize                              = 8388608                                   {product} {ergonomic}
    uintx NonProfiledCodeHeapSize                  = 0                                      {pd product} {ergonomic}
     bool ProfileInterpreter                       = false                                  {pd product} {command line}
    uintx ProfiledCodeHeapSize                     = 0                                      {pd product} {ergonomic}
   size_t SoftMaxHeapSize                          = 2122317824                             {manageable} {ergonomic}
     intx TieredStopAtLevel                        = 1                                         {product} {command line}
     bool UseCompressedClassPointers               = true                           {product lp64_product} {ergonomic}
     bool UseCompressedOops                        = true                           {product lp64_product} {ergonomic}
     bool UseG1GC                                  = true                                      {product} {ergonomic}
     bool UseLargePagesIndividualAllocation        = false                                  {pd product} {ergonomic}

Logging:
Log output configuration:
 #0: stdout all=warning uptime,level,tags
 #1: stderr all=off uptime,level,tags

Environment Variables:
JAVA_HOME=C:\Program Files\Java\jdk-11.0.12
CLASSPATH=C:\Program Files\Java\jdk-11.0.12\lib
PATH=C:\Program Files\Java\jdk-11.0.12\bin;C:\oraclexe\app\oracle\product\11.2.0\server\bin;C:\Program Files\MySQL\MySQL Server 8.0\bin;C:\Program Files\nodejs\;C:\Users\Fekim\AppData\Local\Microsoft\WindowsApps;C:\ProgramData\Fekim\GitHubDesktop\bin;C:\Users\Fekim\AppData\Local\Programs\Microsoft VS Code\bin;C:\Users\Fekim\AppData\Local\Programs\Hyper\resources\bin;C:\Users\Fekim\AppData\Roaming\npm;C:\Program Files\nodejs;
USERNAME=Fekim
OS=Windows_NT
PROCESSOR_IDENTIFIER=Intel64 Family 6 Model 61 Stepping 4, GenuineIntel



---------------  S Y S T E M  ---------------

OS:
 Windows 10 , 64 bit Build 19041 (10.0.19041.3636)
OS uptime: 15 days 22:28 hours
Hyper-V role detected

CPU: total 4 (initial active 4) (2 cores per cpu, 2 threads per core) family 6 model 61 stepping 4 microcode 0x2d, cx8, cmov, fxsr, ht, mmx, 3dnowpref, sse, sse2, sse3, ssse3, sse4.1, sse4.2, popcnt, lzcnt, tsc, tscinvbit, avx, avx2, aes, erms, clmul, bmi1, bmi2, adx, fma, vzeroupper, clflush, hv

Memory: 4k page, system-wide physical 8090M (408M free)
TotalPageFile size 21384M (AvailPageFile size 133M)
current process WorkingSet (physical memory assigned to process): 10M, peak: 10M
current process commit charge ("private bytes"): 46M, peak: 174M

vm_info: Java HotSpot(TM) 64-Bit Server VM (17.0.1+12-LTS-39) for windows-amd64 JRE (17.0.1+12-LTS-39), built on Sep 27 2021 18:41:35 by "mach5one" with MS VC++ 16.8 (VS2019)

END.
