2024-01-16 21:33:44,264 [restartedMain] INFO  org.springframework.boot.devtools.restart.ChangeableUrls(logTo:252) - The Class-Path manifest attribute in C:\Users\Fekim\.gradle\caches\modules-2\files-2.1\com.oracle.database.jdbc\ojdbc11\23.3.0.23.09\405bcbc8d8dab59f562125fa1d2b7e06d21649f3\ojdbc11-23.3.0.23.09.jar referenced one or more files that do not exist: file:/C:/Users/Fekim/.gradle/caches/modules-2/files-2.1/com.oracle.database.jdbc/ojdbc11/23.3.0.23.09/405bcbc8d8dab59f562125fa1d2b7e06d21649f3/oraclepki.jar
2024-01-16 21:33:44,290 [restartedMain] INFO  org.springframework.boot.devtools.env.DevToolsPropertyDefaultsPostProcessor(logTo:252) - Devtools property defaults active! Set 'spring.devtools.add-properties' to 'false' to disable
2024-01-16 21:33:44,293 [restartedMain] INFO  org.springframework.boot.devtools.env.DevToolsPropertyDefaultsPostProcessor(logTo:252) - For additional web related logging consider setting the 'logging.level.web' property to 'DEBUG'
2024-01-16 21:33:46,971 [restartedMain] INFO  org.springframework.batch.core.configuration.annotation.BatchRegistrar(registerBeanDefinitions:70) - Finished Spring Batch infrastructure beans configuration in 16 ms.
2024-01-16 21:33:47,832 [restartedMain] INFO  org.springframework.data.repository.config.RepositoryConfigurationDelegate(registerRepositoriesIn:139) - Bootstrapping Spring Data JPA repositories in DEFAULT mode.
2024-01-16 21:33:48,178 [restartedMain] INFO  org.springframework.data.repository.config.RepositoryConfigurationDelegate(registerRepositoriesIn:208) - Finished Spring Data repository scanning in 322 ms. Found 12 JPA repository interfaces.
2024-01-16 21:33:49,052 [restartedMain] WARN  org.springframework.context.support.PostProcessorRegistrationDelegate$BeanPostProcessorChecker(postProcessAfterInitialization:437) - Bean 'jobRegistry' of type [org.springframework.batch.core.configuration.support.MapJobRegistry] is not eligible for getting processed by all BeanPostProcessors (for example: not eligible for auto-proxying). Is this bean getting eagerly injected into a currently created BeanPostProcessor [jobRegistryBeanPostProcessor]? Check the corresponding BeanPostProcessor declaration and its dependencies.
2024-01-16 21:33:49,836 [restartedMain] INFO  org.springframework.boot.web.embedded.tomcat.TomcatWebServer(initialize:109) - Tomcat initialized with port 8080 (http)
2024-01-16 21:33:50,077 [restartedMain] INFO  org.springframework.boot.web.servlet.context.ServletWebServerApplicationContext(prepareWebApplicationContext:296) - Root WebApplicationContext: initialization completed in 5777 ms
2024-01-16 21:33:50,957 [restartedMain] INFO  org.springframework.boot.autoconfigure.h2.H2ConsoleAutoConfiguration(logDataSources:88) - H2 console available at '/h2-console'. Database available at 'jdbc:h2:~/dev'
2024-01-16 21:33:52,472 [restartedMain] INFO  org.springframework.orm.jpa.persistenceunit.SpringPersistenceUnitInfo(addTransformer:87) - No LoadTimeWeaver setup: ignoring JPA class transformer
2024-01-16 21:33:55,678 [restartedMain] INFO  org.springframework.orm.jpa.LocalContainerEntityManagerFactoryBean(buildNativeEntityManagerFactory:437) - Initialized JPA EntityManagerFactory for persistence unit 'default'
2024-01-16 21:33:56,351 [restartedMain] INFO  org.springframework.data.jpa.repository.query.QueryEnhancerFactory(<clinit>:49) - Hibernate is in classpath; If applicable, HQL parser will be used.
2024-01-16 21:33:57,116 [restartedMain] INFO  org.springframework.batch.core.repository.support.JobRepositoryFactoryBean(afterPropertiesSet:274) - No database type set, using meta data indicating: H2
2024-01-16 21:33:57,228 [restartedMain] INFO  org.springframework.batch.core.configuration.annotation.BatchObservabilityBeanPostProcessor(postProcessAfterInitialization:62) - No Micrometer observation registry found, defaulting to ObservationRegistry.NOOP
2024-01-16 21:33:57,302 [restartedMain] INFO  org.springframework.batch.core.launch.support.SimpleJobLauncher(afterPropertiesSet:232) - No TaskExecutor has been set, defaulting to synchronous executor.
2024-01-16 21:33:57,419 [restartedMain] WARN  org.springframework.boot.autoconfigure.orm.jpa.JpaBaseConfiguration$JpaWebConfiguration(openEntityManagerInViewInterceptor:232) - spring.jpa.open-in-view is enabled by default. Therefore, database queries may be performed during view rendering. Explicitly configure spring.jpa.open-in-view to disable this warning
2024-01-16 21:33:58,056 [restartedMain] WARN  org.springframework.boot.autoconfigure.thymeleaf.ThymeleafAutoConfiguration$DefaultTemplateResolverConfiguration(checkTemplateLocationExists:101) - Cannot find template location: classpath:/templates/ (please add some templates, check your Thymeleaf configuration, or set spring.thymeleaf.check-template-location=false)
2024-01-16 21:33:59,880 [restartedMain] INFO  org.springframework.boot.devtools.autoconfigure.OptionalLiveReloadServer(startServer:59) - LiveReload server is running on port 35729
2024-01-16 21:33:59,977 [restartedMain] INFO  org.springframework.boot.web.embedded.tomcat.TomcatWebServer(start:241) - Tomcat started on port 8080 (http) with context path ''
2024-01-16 21:33:59,981 [restartedMain] INFO  org.springframework.scheduling.quartz.SchedulerFactoryBean(startScheduler:729) - Starting Quartz Scheduler now
2024-01-16 21:43:31,611 [SpringApplicationShutdownHook] INFO  org.springframework.scheduling.quartz.SchedulerFactoryBean(destroy:847) - Shutting down Quartz Scheduler
2024-01-16 21:43:31,665 [SpringApplicationShutdownHook] INFO  org.springframework.orm.jpa.LocalContainerEntityManagerFactoryBean(destroy:650) - Closing JPA EntityManagerFactory for persistence unit 'default'
2024-01-16 21:44:00,497 [Test worker] INFO  org.springframework.test.context.support.AnnotationConfigContextLoaderUtils(detectDefaultConfigurationClasses:83) - Could not detect default configuration classes for test class [com.fekim.workweout.batch.job.JobTest]: JobTest does not declare any static, non-private, non-final, nested classes annotated with @Configuration.
2024-01-16 21:44:00,947 [Test worker] INFO  org.springframework.boot.test.context.SpringBootTestContextBootstrapper(getOrFindConfigurationClasses:234) - Found @SpringBootConfiguration com.fekim.workweout.WorkWeOutApplication for test class com.fekim.workweout.batch.job.JobTest
2024-01-16 21:44:05,083 [Test worker] INFO  org.springframework.batch.core.configuration.annotation.BatchRegistrar(registerBeanDefinitions:70) - Finished Spring Batch infrastructure beans configuration in 14 ms.
2024-01-16 21:44:05,970 [Test worker] INFO  org.springframework.data.repository.config.RepositoryConfigurationDelegate(registerRepositoriesIn:139) - Bootstrapping Spring Data JPA repositories in DEFAULT mode.
2024-01-16 21:44:06,333 [Test worker] INFO  org.springframework.data.repository.config.RepositoryConfigurationDelegate(registerRepositoriesIn:208) - Finished Spring Data repository scanning in 335 ms. Found 12 JPA repository interfaces.
2024-01-16 21:44:07,530 [Test worker] WARN  org.springframework.context.support.PostProcessorRegistrationDelegate$BeanPostProcessorChecker(postProcessAfterInitialization:437) - Bean 'jobRegistry' of type [org.springframework.batch.core.configuration.support.MapJobRegistry] is not eligible for getting processed by all BeanPostProcessors (for example: not eligible for auto-proxying). Is this bean getting eagerly injected into a currently created BeanPostProcessor [jobRegistryBeanPostProcessor]? Check the corresponding BeanPostProcessor declaration and its dependencies.
2024-01-16 21:44:10,074 [Test worker] INFO  org.springframework.orm.jpa.persistenceunit.SpringPersistenceUnitInfo(addTransformer:87) - No LoadTimeWeaver setup: ignoring JPA class transformer
2024-01-16 21:44:15,775 [Test worker] INFO  org.springframework.orm.jpa.LocalContainerEntityManagerFactoryBean(buildNativeEntityManagerFactory:437) - Initialized JPA EntityManagerFactory for persistence unit 'default'
2024-01-16 21:44:17,731 [Test worker] INFO  org.springframework.data.jpa.repository.query.QueryEnhancerFactory(<clinit>:49) - Hibernate is in classpath; If applicable, HQL parser will be used.
2024-01-16 21:44:20,441 [Test worker] INFO  org.springframework.batch.core.repository.support.JobRepositoryFactoryBean(afterPropertiesSet:274) - No database type set, using meta data indicating: H2
2024-01-16 21:44:20,753 [Test worker] INFO  org.springframework.batch.core.configuration.annotation.BatchObservabilityBeanPostProcessor(postProcessAfterInitialization:62) - No Micrometer observation registry found, defaulting to ObservationRegistry.NOOP
2024-01-16 21:44:20,931 [Test worker] INFO  org.springframework.batch.core.launch.support.SimpleJobLauncher(afterPropertiesSet:232) - No TaskExecutor has been set, defaulting to synchronous executor.
2024-01-16 21:44:21,740 [Test worker] WARN  org.springframework.boot.autoconfigure.orm.jpa.JpaBaseConfiguration$JpaWebConfiguration(openEntityManagerInViewInterceptor:232) - spring.jpa.open-in-view is enabled by default. Therefore, database queries may be performed during view rendering. Explicitly configure spring.jpa.open-in-view to disable this warning
2024-01-16 21:44:22,901 [Test worker] WARN  org.springframework.boot.autoconfigure.thymeleaf.ThymeleafAutoConfiguration$DefaultTemplateResolverConfiguration(checkTemplateLocationExists:101) - Cannot find template location: classpath:/templates/ (please add some templates, check your Thymeleaf configuration, or set spring.thymeleaf.check-template-location=false)
2024-01-16 21:44:24,350 [Test worker] INFO  org.springframework.boot.autoconfigure.h2.H2ConsoleAutoConfiguration(logDataSources:88) - H2 console available at '/h2-console'. Database available at 'jdbc:h2:~/dev'
2024-01-16 21:44:24,690 [Test worker] INFO  org.springframework.scheduling.quartz.SchedulerFactoryBean(startScheduler:729) - Starting Quartz Scheduler now
2024-01-16 21:44:26,606 [Test worker] INFO  org.springframework.batch.core.launch.support.SimpleJobLauncher(run:154) - Job: [SimpleJob: [name=WeeklyStatSmsSendJob]] launched with the following parameters: [{'reSendYn':'{value=N, type=class java.lang.String, identifying=true}','yyyyMmW':'{value=2024011, type=class java.lang.String, identifying=true}'}]
2024-01-16 21:44:27,167 [Test worker] WARN  org.springframework.batch.core.listener.AbstractListenerFactoryBean(isListener:227) - org.springframework.batch.item.ItemWriter is an interface. The implementing class will not be queried for annotation based listener configurations. If using @StepScope on a @Bean method, be sure to return the implementing class so listener annotations can be used.
2024-01-16 21:44:27,168 [Test worker] WARN  org.springframework.batch.core.listener.AbstractListenerFactoryBean(isListener:227) - org.springframework.batch.item.ItemProcessor is an interface. The implementing class will not be queried for annotation based listener configurations. If using @StepScope on a @Bean method, be sure to return the implementing class so listener annotations can be used.
2024-01-16 21:44:27,234 [Test worker] INFO  org.springframework.batch.core.configuration.annotation.BatchObservabilityBeanPostProcessor(postProcessAfterInitialization:62) - No Micrometer observation registry found, defaulting to ObservationRegistry.NOOP
2024-01-16 21:44:27,280 [Test worker] INFO  org.springframework.batch.core.job.SimpleStepHandler(handleStep:150) - Executing step: [step01]
2024-01-16 21:44:28,592 [Test worker] INFO  org.springframework.batch.core.step.AbstractStep(execute:295) - Step: [step01] executed in 1s309ms
2024-01-16 21:44:28,693 [Test worker] INFO  org.springframework.batch.core.launch.support.SimpleJobLauncher(run:161) - Job: [SimpleJob: [name=WeeklyStatSmsSendJob]] completed with the following parameters: [{'reSendYn':'{value=N, type=class java.lang.String, identifying=true}','yyyyMmW':'{value=2024011, type=class java.lang.String, identifying=true}'}] and the following status: [COMPLETED] in 1s896ms
2024-01-16 21:44:29,236 [SpringApplicationShutdownHook] INFO  org.springframework.scheduling.quartz.SchedulerFactoryBean(destroy:847) - Shutting down Quartz Scheduler
2024-01-16 21:44:29,243 [SpringApplicationShutdownHook] INFO  org.springframework.orm.jpa.LocalContainerEntityManagerFactoryBean(destroy:650) - Closing JPA EntityManagerFactory for persistence unit 'default'
2024-01-16 21:45:54,282 [restartedMain] INFO  org.springframework.boot.devtools.restart.ChangeableUrls(logTo:252) - The Class-Path manifest attribute in C:\Users\Fekim\.gradle\caches\modules-2\files-2.1\com.oracle.database.jdbc\ojdbc11\23.3.0.23.09\405bcbc8d8dab59f562125fa1d2b7e06d21649f3\ojdbc11-23.3.0.23.09.jar referenced one or more files that do not exist: file:/C:/Users/Fekim/.gradle/caches/modules-2/files-2.1/com.oracle.database.jdbc/ojdbc11/23.3.0.23.09/405bcbc8d8dab59f562125fa1d2b7e06d21649f3/oraclepki.jar
2024-01-16 21:45:54,287 [restartedMain] INFO  org.springframework.boot.devtools.env.DevToolsPropertyDefaultsPostProcessor(logTo:252) - Devtools property defaults active! Set 'spring.devtools.add-properties' to 'false' to disable
2024-01-16 21:45:54,290 [restartedMain] INFO  org.springframework.boot.devtools.env.DevToolsPropertyDefaultsPostProcessor(logTo:252) - For additional web related logging consider setting the 'logging.level.web' property to 'DEBUG'
2024-01-16 21:45:56,162 [restartedMain] INFO  org.springframework.batch.core.configuration.annotation.BatchRegistrar(registerBeanDefinitions:70) - Finished Spring Batch infrastructure beans configuration in 14 ms.
2024-01-16 21:45:56,879 [restartedMain] INFO  org.springframework.data.repository.config.RepositoryConfigurationDelegate(registerRepositoriesIn:139) - Bootstrapping Spring Data JPA repositories in DEFAULT mode.
2024-01-16 21:45:57,191 [restartedMain] INFO  org.springframework.data.repository.config.RepositoryConfigurationDelegate(registerRepositoriesIn:208) - Finished Spring Data repository scanning in 290 ms. Found 12 JPA repository interfaces.
2024-01-16 21:45:58,023 [restartedMain] WARN  org.springframework.context.support.PostProcessorRegistrationDelegate$BeanPostProcessorChecker(postProcessAfterInitialization:437) - Bean 'jobRegistry' of type [org.springframework.batch.core.configuration.support.MapJobRegistry] is not eligible for getting processed by all BeanPostProcessors (for example: not eligible for auto-proxying). Is this bean getting eagerly injected into a currently created BeanPostProcessor [jobRegistryBeanPostProcessor]? Check the corresponding BeanPostProcessor declaration and its dependencies.
2024-01-16 21:45:58,826 [restartedMain] INFO  org.springframework.boot.web.embedded.tomcat.TomcatWebServer(initialize:109) - Tomcat initialized with port 8080 (http)
2024-01-16 21:45:59,057 [restartedMain] INFO  org.springframework.boot.web.servlet.context.ServletWebServerApplicationContext(prepareWebApplicationContext:296) - Root WebApplicationContext: initialization completed in 4763 ms
2024-01-16 21:45:59,809 [restartedMain] INFO  org.springframework.boot.autoconfigure.h2.H2ConsoleAutoConfiguration(logDataSources:88) - H2 console available at '/h2-console'. Database available at 'jdbc:h2:~/dev'
2024-01-16 21:46:01,262 [restartedMain] INFO  org.springframework.orm.jpa.persistenceunit.SpringPersistenceUnitInfo(addTransformer:87) - No LoadTimeWeaver setup: ignoring JPA class transformer
2024-01-16 21:46:04,366 [restartedMain] INFO  org.springframework.orm.jpa.LocalContainerEntityManagerFactoryBean(buildNativeEntityManagerFactory:437) - Initialized JPA EntityManagerFactory for persistence unit 'default'
2024-01-16 21:46:05,066 [restartedMain] INFO  org.springframework.data.jpa.repository.query.QueryEnhancerFactory(<clinit>:49) - Hibernate is in classpath; If applicable, HQL parser will be used.
2024-01-16 21:46:05,886 [restartedMain] INFO  org.springframework.batch.core.repository.support.JobRepositoryFactoryBean(afterPropertiesSet:274) - No database type set, using meta data indicating: H2
2024-01-16 21:46:05,999 [restartedMain] INFO  org.springframework.batch.core.configuration.annotation.BatchObservabilityBeanPostProcessor(postProcessAfterInitialization:62) - No Micrometer observation registry found, defaulting to ObservationRegistry.NOOP
2024-01-16 21:46:06,072 [restartedMain] INFO  org.springframework.batch.core.launch.support.SimpleJobLauncher(afterPropertiesSet:232) - No TaskExecutor has been set, defaulting to synchronous executor.
2024-01-16 21:46:06,194 [restartedMain] WARN  org.springframework.boot.autoconfigure.orm.jpa.JpaBaseConfiguration$JpaWebConfiguration(openEntityManagerInViewInterceptor:232) - spring.jpa.open-in-view is enabled by default. Therefore, database queries may be performed during view rendering. Explicitly configure spring.jpa.open-in-view to disable this warning
2024-01-16 21:46:06,806 [restartedMain] WARN  org.springframework.boot.autoconfigure.thymeleaf.ThymeleafAutoConfiguration$DefaultTemplateResolverConfiguration(checkTemplateLocationExists:101) - Cannot find template location: classpath:/templates/ (please add some templates, check your Thymeleaf configuration, or set spring.thymeleaf.check-template-location=false)
2024-01-16 21:46:08,552 [restartedMain] INFO  org.springframework.boot.devtools.autoconfigure.OptionalLiveReloadServer(startServer:59) - LiveReload server is running on port 35729
2024-01-16 21:46:08,656 [restartedMain] INFO  org.springframework.boot.web.embedded.tomcat.TomcatWebServer(start:241) - Tomcat started on port 8080 (http) with context path ''
2024-01-16 21:46:08,661 [restartedMain] INFO  org.springframework.scheduling.quartz.SchedulerFactoryBean(startScheduler:729) - Starting Quartz Scheduler now
2024-01-16 21:47:24,154 [http-nio-8080-exec-7] INFO  org.springframework.web.servlet.DispatcherServlet(initServletBean:532) - Initializing Servlet 'dispatcherServlet'
2024-01-16 21:47:24,185 [http-nio-8080-exec-7] INFO  org.springframework.web.servlet.DispatcherServlet(initServletBean:554) - Completed initialization in 8 ms
2024-01-16 21:52:55,694 [SpringApplicationShutdownHook] INFO  org.springframework.scheduling.quartz.SchedulerFactoryBean(destroy:847) - Shutting down Quartz Scheduler
2024-01-16 21:52:55,752 [SpringApplicationShutdownHook] INFO  org.springframework.orm.jpa.LocalContainerEntityManagerFactoryBean(destroy:650) - Closing JPA EntityManagerFactory for persistence unit 'default'
2024-01-16 21:56:11,023 [Test worker] INFO  org.springframework.test.context.support.AnnotationConfigContextLoaderUtils(detectDefaultConfigurationClasses:83) - Could not detect default configuration classes for test class [com.fekim.workweout.batch.repository.member.MemberRepositoryTest]: MemberRepositoryTest does not declare any static, non-private, non-final, nested classes annotated with @Configuration.
2024-01-16 21:56:11,507 [Test worker] INFO  org.springframework.boot.test.context.SpringBootTestContextBootstrapper(getOrFindConfigurationClasses:234) - Found @SpringBootConfiguration com.fekim.workweout.WorkWeOutApplication for test class com.fekim.workweout.batch.repository.member.MemberRepositoryTest
2024-01-16 21:56:15,466 [Test worker] INFO  org.springframework.batch.core.configuration.annotation.BatchRegistrar(registerBeanDefinitions:70) - Finished Spring Batch infrastructure beans configuration in 15 ms.
2024-01-16 21:56:16,292 [Test worker] INFO  org.springframework.data.repository.config.RepositoryConfigurationDelegate(registerRepositoriesIn:139) - Bootstrapping Spring Data JPA repositories in DEFAULT mode.
2024-01-16 21:56:16,706 [Test worker] INFO  org.springframework.data.repository.config.RepositoryConfigurationDelegate(registerRepositoriesIn:208) - Finished Spring Data repository scanning in 377 ms. Found 12 JPA repository interfaces.
2024-01-16 21:56:17,952 [Test worker] WARN  org.springframework.context.support.PostProcessorRegistrationDelegate$BeanPostProcessorChecker(postProcessAfterInitialization:437) - Bean 'jobRegistry' of type [org.springframework.batch.core.configuration.support.MapJobRegistry] is not eligible for getting processed by all BeanPostProcessors (for example: not eligible for auto-proxying). Is this bean getting eagerly injected into a currently created BeanPostProcessor [jobRegistryBeanPostProcessor]? Check the corresponding BeanPostProcessor declaration and its dependencies.
2024-01-16 21:56:20,484 [Test worker] INFO  org.springframework.orm.jpa.persistenceunit.SpringPersistenceUnitInfo(addTransformer:87) - No LoadTimeWeaver setup: ignoring JPA class transformer
2024-01-16 21:56:25,758 [Test worker] INFO  org.springframework.orm.jpa.LocalContainerEntityManagerFactoryBean(buildNativeEntityManagerFactory:437) - Initialized JPA EntityManagerFactory for persistence unit 'default'
2024-01-16 21:56:26,811 [Test worker] INFO  org.springframework.data.jpa.repository.query.QueryEnhancerFactory(<clinit>:49) - Hibernate is in classpath; If applicable, HQL parser will be used.
2024-01-16 21:56:28,592 [Test worker] INFO  org.springframework.batch.core.repository.support.JobRepositoryFactoryBean(afterPropertiesSet:274) - No database type set, using meta data indicating: H2
2024-01-16 21:56:28,794 [Test worker] INFO  org.springframework.batch.core.configuration.annotation.BatchObservabilityBeanPostProcessor(postProcessAfterInitialization:62) - No Micrometer observation registry found, defaulting to ObservationRegistry.NOOP
2024-01-16 21:56:28,903 [Test worker] INFO  org.springframework.batch.core.launch.support.SimpleJobLauncher(afterPropertiesSet:232) - No TaskExecutor has been set, defaulting to synchronous executor.
2024-01-16 21:56:29,434 [Test worker] WARN  org.springframework.boot.autoconfigure.orm.jpa.JpaBaseConfiguration$JpaWebConfiguration(openEntityManagerInViewInterceptor:232) - spring.jpa.open-in-view is enabled by default. Therefore, database queries may be performed during view rendering. Explicitly configure spring.jpa.open-in-view to disable this warning
2024-01-16 21:56:30,579 [Test worker] WARN  org.springframework.boot.autoconfigure.thymeleaf.ThymeleafAutoConfiguration$DefaultTemplateResolverConfiguration(checkTemplateLocationExists:101) - Cannot find template location: classpath:/templates/ (please add some templates, check your Thymeleaf configuration, or set spring.thymeleaf.check-template-location=false)
2024-01-16 21:56:32,077 [Test worker] INFO  org.springframework.boot.autoconfigure.h2.H2ConsoleAutoConfiguration(logDataSources:88) - H2 console available at '/h2-console'. Database available at 'jdbc:h2:~/dev'
2024-01-16 21:56:32,500 [Test worker] INFO  org.springframework.scheduling.quartz.SchedulerFactoryBean(startScheduler:729) - Starting Quartz Scheduler now
2024-01-16 21:56:35,024 [SpringApplicationShutdownHook] INFO  org.springframework.scheduling.quartz.SchedulerFactoryBean(destroy:847) - Shutting down Quartz Scheduler
2024-01-16 21:56:35,029 [SpringApplicationShutdownHook] INFO  org.springframework.orm.jpa.LocalContainerEntityManagerFactoryBean(destroy:650) - Closing JPA EntityManagerFactory for persistence unit 'default'
2024-01-16 21:59:49,551 [Test worker] INFO  org.springframework.test.context.support.AnnotationConfigContextLoaderUtils(detectDefaultConfigurationClasses:83) - Could not detect default configuration classes for test class [com.fekim.workweout.batch.job.JobTest]: JobTest does not declare any static, non-private, non-final, nested classes annotated with @Configuration.
2024-01-16 21:59:49,942 [Test worker] INFO  org.springframework.boot.test.context.SpringBootTestContextBootstrapper(getOrFindConfigurationClasses:234) - Found @SpringBootConfiguration com.fekim.workweout.WorkWeOutApplication for test class com.fekim.workweout.batch.job.JobTest
2024-01-16 21:59:53,923 [Test worker] INFO  org.springframework.batch.core.configuration.annotation.BatchRegistrar(registerBeanDefinitions:70) - Finished Spring Batch infrastructure beans configuration in 19 ms.
2024-01-16 21:59:54,772 [Test worker] INFO  org.springframework.data.repository.config.RepositoryConfigurationDelegate(registerRepositoriesIn:139) - Bootstrapping Spring Data JPA repositories in DEFAULT mode.
2024-01-16 21:59:55,218 [Test worker] INFO  org.springframework.data.repository.config.RepositoryConfigurationDelegate(registerRepositoriesIn:208) - Finished Spring Data repository scanning in 416 ms. Found 12 JPA repository interfaces.
2024-01-16 21:59:56,461 [Test worker] WARN  org.springframework.context.support.PostProcessorRegistrationDelegate$BeanPostProcessorChecker(postProcessAfterInitialization:437) - Bean 'jobRegistry' of type [org.springframework.batch.core.configuration.support.MapJobRegistry] is not eligible for getting processed by all BeanPostProcessors (for example: not eligible for auto-proxying). Is this bean getting eagerly injected into a currently created BeanPostProcessor [jobRegistryBeanPostProcessor]? Check the corresponding BeanPostProcessor declaration and its dependencies.
2024-01-16 21:59:59,076 [Test worker] INFO  org.springframework.orm.jpa.persistenceunit.SpringPersistenceUnitInfo(addTransformer:87) - No LoadTimeWeaver setup: ignoring JPA class transformer
