2024-01-16 22:00:04,315 [Test worker] INFO  org.springframework.orm.jpa.LocalContainerEntityManagerFactoryBean(buildNativeEntityManagerFactory:437) - Initialized JPA EntityManagerFactory for persistence unit 'default'
2024-01-16 22:00:05,467 [Test worker] INFO  org.springframework.data.jpa.repository.query.QueryEnhancerFactory(<clinit>:49) - Hibernate is in classpath; If applicable, HQL parser will be used.
2024-01-16 22:00:07,043 [Test worker] INFO  org.springframework.batch.core.repository.support.JobRepositoryFactoryBean(afterPropertiesSet:274) - No database type set, using meta data indicating: H2
2024-01-16 22:00:07,208 [Test worker] INFO  org.springframework.batch.core.configuration.annotation.BatchObservabilityBeanPostProcessor(postProcessAfterInitialization:62) - No Micrometer observation registry found, defaulting to ObservationRegistry.NOOP
2024-01-16 22:00:07,312 [Test worker] INFO  org.springframework.batch.core.launch.support.SimpleJobLauncher(afterPropertiesSet:232) - No TaskExecutor has been set, defaulting to synchronous executor.
2024-01-16 22:00:07,902 [Test worker] WARN  org.springframework.boot.autoconfigure.orm.jpa.JpaBaseConfiguration$JpaWebConfiguration(openEntityManagerInViewInterceptor:232) - spring.jpa.open-in-view is enabled by default. Therefore, database queries may be performed during view rendering. Explicitly configure spring.jpa.open-in-view to disable this warning
2024-01-16 22:00:09,001 [Test worker] WARN  org.springframework.boot.autoconfigure.thymeleaf.ThymeleafAutoConfiguration$DefaultTemplateResolverConfiguration(checkTemplateLocationExists:101) - Cannot find template location: classpath:/templates/ (please add some templates, check your Thymeleaf configuration, or set spring.thymeleaf.check-template-location=false)
2024-01-16 22:00:10,542 [Test worker] INFO  org.springframework.boot.autoconfigure.h2.H2ConsoleAutoConfiguration(logDataSources:88) - H2 console available at '/h2-console'. Database available at 'jdbc:h2:~/dev'
2024-01-16 22:00:10,887 [Test worker] INFO  org.springframework.scheduling.quartz.SchedulerFactoryBean(startScheduler:729) - Starting Quartz Scheduler now
2024-01-16 22:00:12,919 [Test worker] INFO  org.springframework.batch.core.launch.support.SimpleJobLauncher(run:154) - Job: [SimpleJob: [name=WeeklyStatSmsSendJob]] launched with the following parameters: [{'reSendYn':'{value=Y, type=class java.lang.String, identifying=true}','yyyyMmW':'{value=2024011, type=class java.lang.String, identifying=true}'}]
2024-01-16 22:00:13,281 [Test worker] WARN  org.springframework.batch.core.listener.AbstractListenerFactoryBean(isListener:227) - org.springframework.batch.item.ItemWriter is an interface. The implementing class will not be queried for annotation based listener configurations. If using @StepScope on a @Bean method, be sure to return the implementing class so listener annotations can be used.
2024-01-16 22:00:13,283 [Test worker] WARN  org.springframework.batch.core.listener.AbstractListenerFactoryBean(isListener:227) - org.springframework.batch.item.ItemProcessor is an interface. The implementing class will not be queried for annotation based listener configurations. If using @StepScope on a @Bean method, be sure to return the implementing class so listener annotations can be used.
2024-01-16 22:00:13,337 [Test worker] INFO  org.springframework.batch.core.configuration.annotation.BatchObservabilityBeanPostProcessor(postProcessAfterInitialization:62) - No Micrometer observation registry found, defaulting to ObservationRegistry.NOOP
2024-01-16 22:00:13,358 [Test worker] INFO  org.springframework.batch.core.job.SimpleStepHandler(handleStep:150) - Executing step: [step01]
2024-01-16 22:00:14,386 [Test worker] INFO  org.springframework.batch.core.step.AbstractStep(execute:295) - Step: [step01] executed in 1s26ms
2024-01-16 22:00:14,447 [Test worker] INFO  org.springframework.batch.core.launch.support.SimpleJobLauncher(run:161) - Job: [SimpleJob: [name=WeeklyStatSmsSendJob]] completed with the following parameters: [{'reSendYn':'{value=Y, type=class java.lang.String, identifying=true}','yyyyMmW':'{value=2024011, type=class java.lang.String, identifying=true}'}] and the following status: [COMPLETED] in 1s431ms
2024-01-16 22:00:14,542 [SpringApplicationShutdownHook] INFO  org.springframework.scheduling.quartz.SchedulerFactoryBean(destroy:847) - Shutting down Quartz Scheduler
2024-01-16 22:00:14,548 [SpringApplicationShutdownHook] INFO  org.springframework.orm.jpa.LocalContainerEntityManagerFactoryBean(destroy:650) - Closing JPA EntityManagerFactory for persistence unit 'default'
2024-01-16 22:01:53,545 [restartedMain] INFO  org.springframework.boot.devtools.restart.ChangeableUrls(logTo:252) - The Class-Path manifest attribute in C:\Users\Fekim\.gradle\caches\modules-2\files-2.1\com.oracle.database.jdbc\ojdbc11\23.3.0.23.09\405bcbc8d8dab59f562125fa1d2b7e06d21649f3\ojdbc11-23.3.0.23.09.jar referenced one or more files that do not exist: file:/C:/Users/Fekim/.gradle/caches/modules-2/files-2.1/com.oracle.database.jdbc/ojdbc11/23.3.0.23.09/405bcbc8d8dab59f562125fa1d2b7e06d21649f3/oraclepki.jar
2024-01-16 22:01:53,552 [restartedMain] INFO  org.springframework.boot.devtools.env.DevToolsPropertyDefaultsPostProcessor(logTo:252) - Devtools property defaults active! Set 'spring.devtools.add-properties' to 'false' to disable
2024-01-16 22:01:53,600 [restartedMain] INFO  org.springframework.boot.devtools.env.DevToolsPropertyDefaultsPostProcessor(logTo:252) - For additional web related logging consider setting the 'logging.level.web' property to 'DEBUG'
2024-01-16 22:01:55,907 [restartedMain] INFO  org.springframework.batch.core.configuration.annotation.BatchRegistrar(registerBeanDefinitions:70) - Finished Spring Batch infrastructure beans configuration in 13 ms.
2024-01-16 22:01:56,882 [restartedMain] INFO  org.springframework.data.repository.config.RepositoryConfigurationDelegate(registerRepositoriesIn:139) - Bootstrapping Spring Data JPA repositories in DEFAULT mode.
2024-01-16 22:01:57,226 [restartedMain] INFO  org.springframework.data.repository.config.RepositoryConfigurationDelegate(registerRepositoriesIn:208) - Finished Spring Data repository scanning in 323 ms. Found 12 JPA repository interfaces.
2024-01-16 22:01:58,131 [restartedMain] WARN  org.springframework.context.support.PostProcessorRegistrationDelegate$BeanPostProcessorChecker(postProcessAfterInitialization:437) - Bean 'jobRegistry' of type [org.springframework.batch.core.configuration.support.MapJobRegistry] is not eligible for getting processed by all BeanPostProcessors (for example: not eligible for auto-proxying). Is this bean getting eagerly injected into a currently created BeanPostProcessor [jobRegistryBeanPostProcessor]? Check the corresponding BeanPostProcessor declaration and its dependencies.
2024-01-16 22:01:58,958 [restartedMain] INFO  org.springframework.boot.web.embedded.tomcat.TomcatWebServer(initialize:109) - Tomcat initialized with port 8080 (http)
2024-01-16 22:01:59,233 [restartedMain] INFO  org.springframework.boot.web.servlet.context.ServletWebServerApplicationContext(prepareWebApplicationContext:296) - Root WebApplicationContext: initialization completed in 5628 ms
2024-01-16 22:02:00,072 [restartedMain] INFO  org.springframework.boot.autoconfigure.h2.H2ConsoleAutoConfiguration(logDataSources:88) - H2 console available at '/h2-console'. Database available at 'jdbc:h2:~/dev'
2024-01-16 22:02:01,745 [restartedMain] INFO  org.springframework.orm.jpa.persistenceunit.SpringPersistenceUnitInfo(addTransformer:87) - No LoadTimeWeaver setup: ignoring JPA class transformer
2024-01-16 22:02:04,824 [restartedMain] INFO  org.springframework.orm.jpa.LocalContainerEntityManagerFactoryBean(buildNativeEntityManagerFactory:437) - Initialized JPA EntityManagerFactory for persistence unit 'default'
2024-01-16 22:02:05,504 [restartedMain] INFO  org.springframework.data.jpa.repository.query.QueryEnhancerFactory(<clinit>:49) - Hibernate is in classpath; If applicable, HQL parser will be used.
2024-01-16 22:02:06,241 [restartedMain] INFO  org.springframework.batch.core.repository.support.JobRepositoryFactoryBean(afterPropertiesSet:274) - No database type set, using meta data indicating: H2
2024-01-16 22:02:06,348 [restartedMain] INFO  org.springframework.batch.core.configuration.annotation.BatchObservabilityBeanPostProcessor(postProcessAfterInitialization:62) - No Micrometer observation registry found, defaulting to ObservationRegistry.NOOP
2024-01-16 22:02:06,425 [restartedMain] INFO  org.springframework.batch.core.launch.support.SimpleJobLauncher(afterPropertiesSet:232) - No TaskExecutor has been set, defaulting to synchronous executor.
2024-01-16 22:02:06,543 [restartedMain] WARN  org.springframework.boot.autoconfigure.orm.jpa.JpaBaseConfiguration$JpaWebConfiguration(openEntityManagerInViewInterceptor:232) - spring.jpa.open-in-view is enabled by default. Therefore, database queries may be performed during view rendering. Explicitly configure spring.jpa.open-in-view to disable this warning
2024-01-16 22:02:07,157 [restartedMain] WARN  org.springframework.boot.autoconfigure.thymeleaf.ThymeleafAutoConfiguration$DefaultTemplateResolverConfiguration(checkTemplateLocationExists:101) - Cannot find template location: classpath:/templates/ (please add some templates, check your Thymeleaf configuration, or set spring.thymeleaf.check-template-location=false)
2024-01-16 22:02:08,983 [restartedMain] INFO  org.springframework.boot.devtools.autoconfigure.OptionalLiveReloadServer(startServer:59) - LiveReload server is running on port 35729
2024-01-16 22:02:09,088 [restartedMain] INFO  org.springframework.boot.web.embedded.tomcat.TomcatWebServer(start:241) - Tomcat started on port 8080 (http) with context path ''
2024-01-16 22:02:09,093 [restartedMain] INFO  org.springframework.scheduling.quartz.SchedulerFactoryBean(startScheduler:729) - Starting Quartz Scheduler now
2024-01-16 22:04:16,471 [SpringApplicationShutdownHook] INFO  org.springframework.scheduling.quartz.SchedulerFactoryBean(destroy:847) - Shutting down Quartz Scheduler
2024-01-16 22:04:16,476 [SpringApplicationShutdownHook] INFO  org.springframework.orm.jpa.LocalContainerEntityManagerFactoryBean(destroy:650) - Closing JPA EntityManagerFactory for persistence unit 'default'
2024-01-16 22:04:54,938 [Test worker] INFO  org.springframework.test.context.support.AnnotationConfigContextLoaderUtils(detectDefaultConfigurationClasses:83) - Could not detect default configuration classes for test class [com.fekim.workweout.batch.JobTest]: JobTest does not declare any static, non-private, non-final, nested classes annotated with @Configuration.
2024-01-16 22:04:55,370 [Test worker] INFO  org.springframework.boot.test.context.SpringBootTestContextBootstrapper(getOrFindConfigurationClasses:234) - Found @SpringBootConfiguration com.fekim.workweout.WorkWeOutApplication for test class com.fekim.workweout.batch.JobTest
2024-01-16 22:04:59,424 [Test worker] INFO  org.springframework.batch.core.configuration.annotation.BatchRegistrar(registerBeanDefinitions:70) - Finished Spring Batch infrastructure beans configuration in 16 ms.
2024-01-16 22:05:00,279 [Test worker] INFO  org.springframework.data.repository.config.RepositoryConfigurationDelegate(registerRepositoriesIn:139) - Bootstrapping Spring Data JPA repositories in DEFAULT mode.
2024-01-16 22:05:00,723 [Test worker] INFO  org.springframework.data.repository.config.RepositoryConfigurationDelegate(registerRepositoriesIn:208) - Finished Spring Data repository scanning in 410 ms. Found 12 JPA repository interfaces.
2024-01-16 22:05:01,945 [Test worker] WARN  org.springframework.context.support.PostProcessorRegistrationDelegate$BeanPostProcessorChecker(postProcessAfterInitialization:437) - Bean 'jobRegistry' of type [org.springframework.batch.core.configuration.support.MapJobRegistry] is not eligible for getting processed by all BeanPostProcessors (for example: not eligible for auto-proxying). Is this bean getting eagerly injected into a currently created BeanPostProcessor [jobRegistryBeanPostProcessor]? Check the corresponding BeanPostProcessor declaration and its dependencies.
2024-01-16 22:05:04,304 [Test worker] INFO  org.springframework.orm.jpa.persistenceunit.SpringPersistenceUnitInfo(addTransformer:87) - No LoadTimeWeaver setup: ignoring JPA class transformer
2024-01-16 22:05:09,686 [Test worker] INFO  org.springframework.orm.jpa.LocalContainerEntityManagerFactoryBean(buildNativeEntityManagerFactory:437) - Initialized JPA EntityManagerFactory for persistence unit 'default'
2024-01-16 22:05:10,839 [Test worker] INFO  org.springframework.data.jpa.repository.query.QueryEnhancerFactory(<clinit>:49) - Hibernate is in classpath; If applicable, HQL parser will be used.
2024-01-16 22:05:12,532 [Test worker] INFO  org.springframework.batch.core.repository.support.JobRepositoryFactoryBean(afterPropertiesSet:274) - No database type set, using meta data indicating: H2
2024-01-16 22:05:12,758 [Test worker] INFO  org.springframework.batch.core.configuration.annotation.BatchObservabilityBeanPostProcessor(postProcessAfterInitialization:62) - No Micrometer observation registry found, defaulting to ObservationRegistry.NOOP
2024-01-16 22:05:12,862 [Test worker] INFO  org.springframework.batch.core.launch.support.SimpleJobLauncher(afterPropertiesSet:232) - No TaskExecutor has been set, defaulting to synchronous executor.
2024-01-16 22:05:13,437 [Test worker] WARN  org.springframework.boot.autoconfigure.orm.jpa.JpaBaseConfiguration$JpaWebConfiguration(openEntityManagerInViewInterceptor:232) - spring.jpa.open-in-view is enabled by default. Therefore, database queries may be performed during view rendering. Explicitly configure spring.jpa.open-in-view to disable this warning
2024-01-16 22:05:14,547 [Test worker] WARN  org.springframework.boot.autoconfigure.thymeleaf.ThymeleafAutoConfiguration$DefaultTemplateResolverConfiguration(checkTemplateLocationExists:101) - Cannot find template location: classpath:/templates/ (please add some templates, check your Thymeleaf configuration, or set spring.thymeleaf.check-template-location=false)
2024-01-16 22:05:16,077 [Test worker] INFO  org.springframework.boot.autoconfigure.h2.H2ConsoleAutoConfiguration(logDataSources:88) - H2 console available at '/h2-console'. Database available at 'jdbc:h2:~/dev'
2024-01-16 22:05:16,444 [Test worker] INFO  org.springframework.scheduling.quartz.SchedulerFactoryBean(startScheduler:729) - Starting Quartz Scheduler now
2024-01-16 22:05:18,362 [Test worker] INFO  org.springframework.batch.core.launch.support.SimpleJobLauncher(run:154) - Job: [SimpleJob: [name=WeeklyStatSmsSendJob]] launched with the following parameters: [{'reSendYn':'{value=Y, type=class java.lang.String, identifying=true}','dummy':'{value=1, type=class java.lang.String, identifying=true}','yyyyMmW':'{value=2024011, type=class java.lang.String, identifying=true}'}]
2024-01-16 22:05:18,608 [Test worker] WARN  org.springframework.batch.core.listener.AbstractListenerFactoryBean(isListener:227) - org.springframework.batch.item.ItemWriter is an interface. The implementing class will not be queried for annotation based listener configurations. If using @StepScope on a @Bean method, be sure to return the implementing class so listener annotations can be used.
2024-01-16 22:05:18,609 [Test worker] WARN  org.springframework.batch.core.listener.AbstractListenerFactoryBean(isListener:227) - org.springframework.batch.item.ItemProcessor is an interface. The implementing class will not be queried for annotation based listener configurations. If using @StepScope on a @Bean method, be sure to return the implementing class so listener annotations can be used.
2024-01-16 22:05:18,642 [Test worker] INFO  org.springframework.batch.core.configuration.annotation.BatchObservabilityBeanPostProcessor(postProcessAfterInitialization:62) - No Micrometer observation registry found, defaulting to ObservationRegistry.NOOP
2024-01-16 22:05:18,660 [Test worker] INFO  org.springframework.batch.core.job.SimpleStepHandler(handleStep:150) - Executing step: [step01]
2024-01-16 22:05:19,441 [Test worker] INFO  org.springframework.batch.core.step.AbstractStep(execute:295) - Step: [step01] executed in 778ms
2024-01-16 22:05:19,533 [Test worker] INFO  org.springframework.batch.core.launch.support.SimpleJobLauncher(run:161) - Job: [SimpleJob: [name=WeeklyStatSmsSendJob]] completed with the following parameters: [{'reSendYn':'{value=Y, type=class java.lang.String, identifying=true}','dummy':'{value=1, type=class java.lang.String, identifying=true}','yyyyMmW':'{value=2024011, type=class java.lang.String, identifying=true}'}] and the following status: [COMPLETED] in 1s92ms
2024-01-16 22:05:19,670 [SpringApplicationShutdownHook] INFO  org.springframework.scheduling.quartz.SchedulerFactoryBean(destroy:847) - Shutting down Quartz Scheduler
2024-01-16 22:05:19,693 [SpringApplicationShutdownHook] INFO  org.springframework.orm.jpa.LocalContainerEntityManagerFactoryBean(destroy:650) - Closing JPA EntityManagerFactory for persistence unit 'default'
2024-01-16 22:06:52,169 [restartedMain] INFO  org.springframework.boot.devtools.restart.ChangeableUrls(logTo:252) - The Class-Path manifest attribute in C:\Users\Fekim\.gradle\caches\modules-2\files-2.1\com.oracle.database.jdbc\ojdbc11\23.3.0.23.09\405bcbc8d8dab59f562125fa1d2b7e06d21649f3\ojdbc11-23.3.0.23.09.jar referenced one or more files that do not exist: file:/C:/Users/Fekim/.gradle/caches/modules-2/files-2.1/com.oracle.database.jdbc/ojdbc11/23.3.0.23.09/405bcbc8d8dab59f562125fa1d2b7e06d21649f3/oraclepki.jar
2024-01-16 22:06:52,176 [restartedMain] INFO  org.springframework.boot.devtools.env.DevToolsPropertyDefaultsPostProcessor(logTo:252) - Devtools property defaults active! Set 'spring.devtools.add-properties' to 'false' to disable
2024-01-16 22:06:52,178 [restartedMain] INFO  org.springframework.boot.devtools.env.DevToolsPropertyDefaultsPostProcessor(logTo:252) - For additional web related logging consider setting the 'logging.level.web' property to 'DEBUG'
2024-01-16 22:06:54,027 [restartedMain] INFO  org.springframework.batch.core.configuration.annotation.BatchRegistrar(registerBeanDefinitions:70) - Finished Spring Batch infrastructure beans configuration in 13 ms.
2024-01-16 22:06:54,740 [restartedMain] INFO  org.springframework.data.repository.config.RepositoryConfigurationDelegate(registerRepositoriesIn:139) - Bootstrapping Spring Data JPA repositories in DEFAULT mode.
2024-01-16 22:06:55,037 [restartedMain] INFO  org.springframework.data.repository.config.RepositoryConfigurationDelegate(registerRepositoriesIn:208) - Finished Spring Data repository scanning in 277 ms. Found 12 JPA repository interfaces.
2024-01-16 22:06:55,904 [restartedMain] WARN  org.springframework.context.support.PostProcessorRegistrationDelegate$BeanPostProcessorChecker(postProcessAfterInitialization:437) - Bean 'jobRegistry' of type [org.springframework.batch.core.configuration.support.MapJobRegistry] is not eligible for getting processed by all BeanPostProcessors (for example: not eligible for auto-proxying). Is this bean getting eagerly injected into a currently created BeanPostProcessor [jobRegistryBeanPostProcessor]? Check the corresponding BeanPostProcessor declaration and its dependencies.
2024-01-16 22:06:56,651 [restartedMain] INFO  org.springframework.boot.web.embedded.tomcat.TomcatWebServer(initialize:109) - Tomcat initialized with port 8080 (http)
2024-01-16 22:06:56,876 [restartedMain] INFO  org.springframework.boot.web.servlet.context.ServletWebServerApplicationContext(prepareWebApplicationContext:296) - Root WebApplicationContext: initialization completed in 4696 ms
2024-01-16 22:06:57,593 [restartedMain] INFO  org.springframework.boot.autoconfigure.h2.H2ConsoleAutoConfiguration(logDataSources:88) - H2 console available at '/h2-console'. Database available at 'jdbc:h2:~/dev'
2024-01-16 22:06:59,026 [restartedMain] INFO  org.springframework.orm.jpa.persistenceunit.SpringPersistenceUnitInfo(addTransformer:87) - No LoadTimeWeaver setup: ignoring JPA class transformer
2024-01-16 22:07:02,617 [restartedMain] INFO  org.springframework.orm.jpa.LocalContainerEntityManagerFactoryBean(buildNativeEntityManagerFactory:437) - Initialized JPA EntityManagerFactory for persistence unit 'default'
2024-01-16 22:07:03,292 [restartedMain] INFO  org.springframework.data.jpa.repository.query.QueryEnhancerFactory(<clinit>:49) - Hibernate is in classpath; If applicable, HQL parser will be used.
2024-01-16 22:07:04,062 [restartedMain] INFO  org.springframework.batch.core.repository.support.JobRepositoryFactoryBean(afterPropertiesSet:274) - No database type set, using meta data indicating: H2
2024-01-16 22:07:04,172 [restartedMain] INFO  org.springframework.batch.core.configuration.annotation.BatchObservabilityBeanPostProcessor(postProcessAfterInitialization:62) - No Micrometer observation registry found, defaulting to ObservationRegistry.NOOP
2024-01-16 22:07:04,243 [restartedMain] INFO  org.springframework.batch.core.launch.support.SimpleJobLauncher(afterPropertiesSet:232) - No TaskExecutor has been set, defaulting to synchronous executor.
2024-01-16 22:07:04,359 [restartedMain] WARN  org.springframework.boot.autoconfigure.orm.jpa.JpaBaseConfiguration$JpaWebConfiguration(openEntityManagerInViewInterceptor:232) - spring.jpa.open-in-view is enabled by default. Therefore, database queries may be performed during view rendering. Explicitly configure spring.jpa.open-in-view to disable this warning
2024-01-16 22:07:05,011 [restartedMain] WARN  org.springframework.boot.autoconfigure.thymeleaf.ThymeleafAutoConfiguration$DefaultTemplateResolverConfiguration(checkTemplateLocationExists:101) - Cannot find template location: classpath:/templates/ (please add some templates, check your Thymeleaf configuration, or set spring.thymeleaf.check-template-location=false)
2024-01-16 22:07:06,789 [restartedMain] INFO  org.springframework.boot.devtools.autoconfigure.OptionalLiveReloadServer(startServer:59) - LiveReload server is running on port 35729
2024-01-16 22:07:06,906 [restartedMain] INFO  org.springframework.boot.web.embedded.tomcat.TomcatWebServer(start:241) - Tomcat started on port 8080 (http) with context path ''
2024-01-16 22:07:06,912 [restartedMain] INFO  org.springframework.scheduling.quartz.SchedulerFactoryBean(startScheduler:729) - Starting Quartz Scheduler now
2024-01-16 22:11:59,877 [SpringApplicationShutdownHook] INFO  org.springframework.scheduling.quartz.SchedulerFactoryBean(destroy:847) - Shutting down Quartz Scheduler
2024-01-16 22:11:59,882 [SpringApplicationShutdownHook] INFO  org.springframework.orm.jpa.LocalContainerEntityManagerFactoryBean(destroy:650) - Closing JPA EntityManagerFactory for persistence unit 'default'
2024-01-16 22:13:40,118 [Test worker] INFO  org.springframework.test.context.support.AnnotationConfigContextLoaderUtils(detectDefaultConfigurationClasses:83) - Could not detect default configuration classes for test class [com.fekim.workweout.batch.JobTest]: JobTest does not declare any static, non-private, non-final, nested classes annotated with @Configuration.
2024-01-16 22:13:40,577 [Test worker] INFO  org.springframework.boot.test.context.SpringBootTestContextBootstrapper(getOrFindConfigurationClasses:234) - Found @SpringBootConfiguration com.fekim.workweout.WorkWeOutApplication for test class com.fekim.workweout.batch.JobTest
2024-01-16 22:13:44,626 [Test worker] INFO  org.springframework.batch.core.configuration.annotation.BatchRegistrar(registerBeanDefinitions:70) - Finished Spring Batch infrastructure beans configuration in 18 ms.
2024-01-16 22:13:45,580 [Test worker] INFO  org.springframework.data.repository.config.RepositoryConfigurationDelegate(registerRepositoriesIn:139) - Bootstrapping Spring Data JPA repositories in DEFAULT mode.
2024-01-16 22:13:45,974 [Test worker] INFO  org.springframework.data.repository.config.RepositoryConfigurationDelegate(registerRepositoriesIn:208) - Finished Spring Data repository scanning in 359 ms. Found 12 JPA repository interfaces.
2024-01-16 22:13:47,189 [Test worker] WARN  org.springframework.context.support.PostProcessorRegistrationDelegate$BeanPostProcessorChecker(postProcessAfterInitialization:437) - Bean 'jobRegistry' of type [org.springframework.batch.core.configuration.support.MapJobRegistry] is not eligible for getting processed by all BeanPostProcessors (for example: not eligible for auto-proxying). Is this bean getting eagerly injected into a currently created BeanPostProcessor [jobRegistryBeanPostProcessor]? Check the corresponding BeanPostProcessor declaration and its dependencies.
2024-01-16 22:13:49,802 [Test worker] INFO  org.springframework.orm.jpa.persistenceunit.SpringPersistenceUnitInfo(addTransformer:87) - No LoadTimeWeaver setup: ignoring JPA class transformer
2024-01-16 22:13:55,480 [Test worker] INFO  org.springframework.orm.jpa.LocalContainerEntityManagerFactoryBean(buildNativeEntityManagerFactory:437) - Initialized JPA EntityManagerFactory for persistence unit 'default'
2024-01-16 22:13:56,739 [Test worker] INFO  org.springframework.data.jpa.repository.query.QueryEnhancerFactory(<clinit>:49) - Hibernate is in classpath; If applicable, HQL parser will be used.
2024-01-16 22:13:58,506 [Test worker] INFO  org.springframework.batch.core.repository.support.JobRepositoryFactoryBean(afterPropertiesSet:274) - No database type set, using meta data indicating: H2
2024-01-16 22:13:58,682 [Test worker] INFO  org.springframework.batch.core.configuration.annotation.BatchObservabilityBeanPostProcessor(postProcessAfterInitialization:62) - No Micrometer observation registry found, defaulting to ObservationRegistry.NOOP
2024-01-16 22:13:58,783 [Test worker] INFO  org.springframework.batch.core.launch.support.SimpleJobLauncher(afterPropertiesSet:232) - No TaskExecutor has been set, defaulting to synchronous executor.
2024-01-16 22:13:59,294 [Test worker] WARN  org.springframework.boot.autoconfigure.orm.jpa.JpaBaseConfiguration$JpaWebConfiguration(openEntityManagerInViewInterceptor:232) - spring.jpa.open-in-view is enabled by default. Therefore, database queries may be performed during view rendering. Explicitly configure spring.jpa.open-in-view to disable this warning
2024-01-16 22:14:00,569 [Test worker] WARN  org.springframework.boot.autoconfigure.thymeleaf.ThymeleafAutoConfiguration$DefaultTemplateResolverConfiguration(checkTemplateLocationExists:101) - Cannot find template location: classpath:/templates/ (please add some templates, check your Thymeleaf configuration, or set spring.thymeleaf.check-template-location=false)
2024-01-16 22:14:02,154 [Test worker] INFO  org.springframework.boot.autoconfigure.h2.H2ConsoleAutoConfiguration(logDataSources:88) - H2 console available at '/h2-console'. Database available at 'jdbc:h2:~/dev'
2024-01-16 22:14:02,501 [Test worker] INFO  org.springframework.scheduling.quartz.SchedulerFactoryBean(startScheduler:729) - Starting Quartz Scheduler now
2024-01-16 22:14:04,417 [Test worker] INFO  org.springframework.batch.core.launch.support.SimpleJobLauncher(run:154) - Job: [SimpleJob: [name=WeeklyStatSmsSendJob]] launched with the following parameters: [{'reSendYn':'{value=Y, type=class java.lang.String, identifying=true}','dummy':'{value=2, type=class java.lang.String, identifying=true}','yyyyMmW':'{value=2024011, type=class java.lang.String, identifying=true}'}]
2024-01-16 22:14:05,073 [Test worker] WARN  org.springframework.batch.core.listener.AbstractListenerFactoryBean(isListener:227) - org.springframework.batch.item.ItemWriter is an interface. The implementing class will not be queried for annotation based listener configurations. If using @StepScope on a @Bean method, be sure to return the implementing class so listener annotations can be used.
2024-01-16 22:14:05,079 [Test worker] WARN  org.springframework.batch.core.listener.AbstractListenerFactoryBean(isListener:227) - org.springframework.batch.item.ItemProcessor is an interface. The implementing class will not be queried for annotation based listener configurations. If using @StepScope on a @Bean method, be sure to return the implementing class so listener annotations can be used.
2024-01-16 22:14:05,135 [Test worker] INFO  org.springframework.batch.core.configuration.annotation.BatchObservabilityBeanPostProcessor(postProcessAfterInitialization:62) - No Micrometer observation registry found, defaulting to ObservationRegistry.NOOP
2024-01-16 22:14:05,211 [Test worker] INFO  org.springframework.batch.core.job.SimpleStepHandler(handleStep:150) - Executing step: [step01]
2024-01-16 22:14:06,224 [Test worker] INFO  org.springframework.batch.core.step.AbstractStep(execute:295) - Step: [step01] executed in 1s8ms
2024-01-16 22:14:06,261 [Test worker] INFO  org.springframework.batch.core.launch.support.SimpleJobLauncher(run:161) - Job: [SimpleJob: [name=WeeklyStatSmsSendJob]] completed with the following parameters: [{'reSendYn':'{value=Y, type=class java.lang.String, identifying=true}','dummy':'{value=2, type=class java.lang.String, identifying=true}','yyyyMmW':'{value=2024011, type=class java.lang.String, identifying=true}'}] and the following status: [COMPLETED] in 1s775ms
2024-01-16 22:14:06,386 [SpringApplicationShutdownHook] INFO  org.springframework.scheduling.quartz.SchedulerFactoryBean(destroy:847) - Shutting down Quartz Scheduler
2024-01-16 22:14:06,429 [SpringApplicationShutdownHook] INFO  org.springframework.orm.jpa.LocalContainerEntityManagerFactoryBean(destroy:650) - Closing JPA EntityManagerFactory for persistence unit 'default'
2024-01-16 22:18:26,855 [Test worker] INFO  org.springframework.test.context.support.AnnotationConfigContextLoaderUtils(detectDefaultConfigurationClasses:83) - Could not detect default configuration classes for test class [com.fekim.workweout.batch.JobTest]: JobTest does not declare any static, non-private, non-final, nested classes annotated with @Configuration.
2024-01-16 22:18:27,284 [Test worker] INFO  org.springframework.boot.test.context.SpringBootTestContextBootstrapper(getOrFindConfigurationClasses:234) - Found @SpringBootConfiguration com.fekim.workweout.WorkWeOutApplication for test class com.fekim.workweout.batch.JobTest
2024-01-16 22:18:31,699 [Test worker] INFO  org.springframework.batch.core.configuration.annotation.BatchRegistrar(registerBeanDefinitions:70) - Finished Spring Batch infrastructure beans configuration in 15 ms.
2024-01-16 22:18:32,552 [Test worker] INFO  org.springframework.data.repository.config.RepositoryConfigurationDelegate(registerRepositoriesIn:139) - Bootstrapping Spring Data JPA repositories in DEFAULT mode.
2024-01-16 22:18:33,012 [Test worker] INFO  org.springframework.data.repository.config.RepositoryConfigurationDelegate(registerRepositoriesIn:208) - Finished Spring Data repository scanning in 422 ms. Found 12 JPA repository interfaces.
2024-01-16 22:18:34,411 [Test worker] WARN  org.springframework.context.support.PostProcessorRegistrationDelegate$BeanPostProcessorChecker(postProcessAfterInitialization:437) - Bean 'jobRegistry' of type [org.springframework.batch.core.configuration.support.MapJobRegistry] is not eligible for getting processed by all BeanPostProcessors (for example: not eligible for auto-proxying). Is this bean getting eagerly injected into a currently created BeanPostProcessor [jobRegistryBeanPostProcessor]? Check the corresponding BeanPostProcessor declaration and its dependencies.
2024-01-16 22:18:36,927 [Test worker] INFO  org.springframework.orm.jpa.persistenceunit.SpringPersistenceUnitInfo(addTransformer:87) - No LoadTimeWeaver setup: ignoring JPA class transformer
2024-01-16 22:18:43,702 [Test worker] INFO  org.springframework.orm.jpa.LocalContainerEntityManagerFactoryBean(buildNativeEntityManagerFactory:437) - Initialized JPA EntityManagerFactory for persistence unit 'default'
2024-01-16 22:18:45,333 [Test worker] INFO  org.springframework.data.jpa.repository.query.QueryEnhancerFactory(<clinit>:49) - Hibernate is in classpath; If applicable, HQL parser will be used.
2024-01-16 22:18:51,478 [Test worker] INFO  org.springframework.batch.core.repository.support.JobRepositoryFactoryBean(afterPropertiesSet:274) - No database type set, using meta data indicating: H2
2024-01-16 22:18:52,077 [Test worker] INFO  org.springframework.batch.core.configuration.annotation.BatchObservabilityBeanPostProcessor(postProcessAfterInitialization:62) - No Micrometer observation registry found, defaulting to ObservationRegistry.NOOP
2024-01-16 22:18:52,327 [Test worker] INFO  org.springframework.batch.core.launch.support.SimpleJobLauncher(afterPropertiesSet:232) - No TaskExecutor has been set, defaulting to synchronous executor.
2024-01-16 22:18:53,388 [Test worker] WARN  org.springframework.boot.autoconfigure.orm.jpa.JpaBaseConfiguration$JpaWebConfiguration(openEntityManagerInViewInterceptor:232) - spring.jpa.open-in-view is enabled by default. Therefore, database queries may be performed during view rendering. Explicitly configure spring.jpa.open-in-view to disable this warning
2024-01-16 22:18:55,593 [Test worker] WARN  org.springframework.boot.autoconfigure.thymeleaf.ThymeleafAutoConfiguration$DefaultTemplateResolverConfiguration(checkTemplateLocationExists:101) - Cannot find template location: classpath:/templates/ (please add some templates, check your Thymeleaf configuration, or set spring.thymeleaf.check-template-location=false)
2024-01-16 22:18:57,216 [Test worker] INFO  org.springframework.boot.autoconfigure.h2.H2ConsoleAutoConfiguration(logDataSources:88) - H2 console available at '/h2-console'. Database available at 'jdbc:h2:~/dev'
2024-01-16 22:18:57,572 [Test worker] INFO  org.springframework.scheduling.quartz.SchedulerFactoryBean(startScheduler:729) - Starting Quartz Scheduler now
2024-01-16 22:19:00,061 [Test worker] INFO  org.springframework.batch.core.launch.support.SimpleJobLauncher(run:154) - Job: [SimpleJob: [name=WeeklyStatSmsSendJob]] launched with the following parameters: [{'reSendYn':'{value=Y, type=class java.lang.String, identifying=true}','dummy':'{value=3, type=class java.lang.String, identifying=true}','yyyyMmW':'{value=2024011, type=class java.lang.String, identifying=true}'}]
2024-01-16 22:19:00,396 [Test worker] WARN  org.springframework.batch.core.listener.AbstractListenerFactoryBean(isListener:227) - org.springframework.batch.item.ItemWriter is an interface. The implementing class will not be queried for annotation based listener configurations. If using @StepScope on a @Bean method, be sure to return the implementing class so listener annotations can be used.
2024-01-16 22:19:00,398 [Test worker] WARN  org.springframework.batch.core.listener.AbstractListenerFactoryBean(isListener:227) - org.springframework.batch.item.ItemProcessor is an interface. The implementing class will not be queried for annotation based listener configurations. If using @StepScope on a @Bean method, be sure to return the implementing class so listener annotations can be used.
2024-01-16 22:19:00,452 [Test worker] INFO  org.springframework.batch.core.configuration.annotation.BatchObservabilityBeanPostProcessor(postProcessAfterInitialization:62) - No Micrometer observation registry found, defaulting to ObservationRegistry.NOOP
2024-01-16 22:19:00,477 [Test worker] INFO  org.springframework.batch.core.job.SimpleStepHandler(handleStep:150) - Executing step: [step01]
2024-01-16 22:19:01,569 [Test worker] INFO  org.springframework.batch.core.step.AbstractStep(execute:295) - Step: [step01] executed in 1s88ms
2024-01-16 22:19:01,600 [Test worker] INFO  org.springframework.batch.core.launch.support.SimpleJobLauncher(run:161) - Job: [SimpleJob: [name=WeeklyStatSmsSendJob]] completed with the following parameters: [{'reSendYn':'{value=Y, type=class java.lang.String, identifying=true}','dummy':'{value=3, type=class java.lang.String, identifying=true}','yyyyMmW':'{value=2024011, type=class java.lang.String, identifying=true}'}] and the following status: [COMPLETED] in 1s457ms
2024-01-16 22:19:01,673 [SpringApplicationShutdownHook] INFO  org.springframework.scheduling.quartz.SchedulerFactoryBean(destroy:847) - Shutting down Quartz Scheduler
2024-01-16 22:19:01,680 [SpringApplicationShutdownHook] INFO  org.springframework.orm.jpa.LocalContainerEntityManagerFactoryBean(destroy:650) - Closing JPA EntityManagerFactory for persistence unit 'default'
2024-01-16 22:20:47,974 [restartedMain] INFO  org.springframework.boot.devtools.restart.ChangeableUrls(logTo:252) - The Class-Path manifest attribute in C:\Users\Fekim\.gradle\caches\modules-2\files-2.1\com.oracle.database.jdbc\ojdbc11\23.3.0.23.09\405bcbc8d8dab59f562125fa1d2b7e06d21649f3\ojdbc11-23.3.0.23.09.jar referenced one or more files that do not exist: file:/C:/Users/Fekim/.gradle/caches/modules-2/files-2.1/com.oracle.database.jdbc/ojdbc11/23.3.0.23.09/405bcbc8d8dab59f562125fa1d2b7e06d21649f3/oraclepki.jar
2024-01-16 22:20:47,982 [restartedMain] INFO  org.springframework.boot.devtools.env.DevToolsPropertyDefaultsPostProcessor(logTo:252) - Devtools property defaults active! Set 'spring.devtools.add-properties' to 'false' to disable
2024-01-16 22:20:47,984 [restartedMain] INFO  org.springframework.boot.devtools.env.DevToolsPropertyDefaultsPostProcessor(logTo:252) - For additional web related logging consider setting the 'logging.level.web' property to 'DEBUG'
2024-01-16 22:20:51,981 [restartedMain] INFO  org.springframework.batch.core.configuration.annotation.BatchRegistrar(registerBeanDefinitions:70) - Finished Spring Batch infrastructure beans configuration in 16 ms.
2024-01-16 22:20:53,095 [restartedMain] INFO  org.springframework.data.repository.config.RepositoryConfigurationDelegate(registerRepositoriesIn:139) - Bootstrapping Spring Data JPA repositories in DEFAULT mode.
2024-01-16 22:20:53,506 [restartedMain] INFO  org.springframework.data.repository.config.RepositoryConfigurationDelegate(registerRepositoriesIn:208) - Finished Spring Data repository scanning in 378 ms. Found 12 JPA repository interfaces.
2024-01-16 22:20:54,825 [restartedMain] WARN  org.springframework.context.support.PostProcessorRegistrationDelegate$BeanPostProcessorChecker(postProcessAfterInitialization:437) - Bean 'jobRegistry' of type [org.springframework.batch.core.configuration.support.MapJobRegistry] is not eligible for getting processed by all BeanPostProcessors (for example: not eligible for auto-proxying). Is this bean getting eagerly injected into a currently created BeanPostProcessor [jobRegistryBeanPostProcessor]? Check the corresponding BeanPostProcessor declaration and its dependencies.
2024-01-16 22:20:57,500 [restartedMain] INFO  org.springframework.boot.web.embedded.tomcat.TomcatWebServer(initialize:109) - Tomcat initialized with port 8080 (http)
2024-01-16 22:20:57,948 [restartedMain] INFO  org.springframework.boot.web.servlet.context.ServletWebServerApplicationContext(prepareWebApplicationContext:296) - Root WebApplicationContext: initialization completed in 9954 ms
2024-01-16 22:20:59,417 [restartedMain] INFO  org.springframework.boot.autoconfigure.h2.H2ConsoleAutoConfiguration(logDataSources:88) - H2 console available at '/h2-console'. Database available at 'jdbc:h2:~/dev'
2024-01-16 22:21:02,614 [restartedMain] INFO  org.springframework.orm.jpa.persistenceunit.SpringPersistenceUnitInfo(addTransformer:87) - No LoadTimeWeaver setup: ignoring JPA class transformer
2024-01-16 22:21:07,113 [restartedMain] INFO  org.springframework.orm.jpa.LocalContainerEntityManagerFactoryBean(buildNativeEntityManagerFactory:437) - Initialized JPA EntityManagerFactory for persistence unit 'default'
2024-01-16 22:21:08,541 [restartedMain] INFO  org.springframework.data.jpa.repository.query.QueryEnhancerFactory(<clinit>:49) - Hibernate is in classpath; If applicable, HQL parser will be used.
2024-01-16 22:21:09,708 [restartedMain] INFO  org.springframework.batch.core.repository.support.JobRepositoryFactoryBean(afterPropertiesSet:274) - No database type set, using meta data indicating: H2
2024-01-16 22:21:09,900 [restartedMain] INFO  org.springframework.batch.core.configuration.annotation.BatchObservabilityBeanPostProcessor(postProcessAfterInitialization:62) - No Micrometer observation registry found, defaulting to ObservationRegistry.NOOP
2024-01-16 22:21:10,043 [restartedMain] INFO  org.springframework.batch.core.launch.support.SimpleJobLauncher(afterPropertiesSet:232) - No TaskExecutor has been set, defaulting to synchronous executor.
2024-01-16 22:21:10,287 [restartedMain] WARN  org.springframework.boot.autoconfigure.orm.jpa.JpaBaseConfiguration$JpaWebConfiguration(openEntityManagerInViewInterceptor:232) - spring.jpa.open-in-view is enabled by default. Therefore, database queries may be performed during view rendering. Explicitly configure spring.jpa.open-in-view to disable this warning
2024-01-16 22:21:11,152 [restartedMain] WARN  org.springframework.boot.autoconfigure.thymeleaf.ThymeleafAutoConfiguration$DefaultTemplateResolverConfiguration(checkTemplateLocationExists:101) - Cannot find template location: classpath:/templates/ (please add some templates, check your Thymeleaf configuration, or set spring.thymeleaf.check-template-location=false)
2024-01-16 22:21:13,089 [restartedMain] INFO  org.springframework.boot.devtools.autoconfigure.OptionalLiveReloadServer(startServer:59) - LiveReload server is running on port 35729
2024-01-16 22:21:13,204 [restartedMain] INFO  org.springframework.boot.web.embedded.tomcat.TomcatWebServer(start:241) - Tomcat started on port 8080 (http) with context path ''
2024-01-16 22:21:13,208 [restartedMain] INFO  org.springframework.scheduling.quartz.SchedulerFactoryBean(startScheduler:729) - Starting Quartz Scheduler now
2024-01-16 22:23:05,961 [SpringApplicationShutdownHook] INFO  org.springframework.scheduling.quartz.SchedulerFactoryBean(destroy:847) - Shutting down Quartz Scheduler
2024-01-16 22:23:05,966 [SpringApplicationShutdownHook] INFO  org.springframework.orm.jpa.LocalContainerEntityManagerFactoryBean(destroy:650) - Closing JPA EntityManagerFactory for persistence unit 'default'
2024-01-16 22:23:52,688 [Test worker] INFO  org.springframework.test.context.support.AnnotationConfigContextLoaderUtils(detectDefaultConfigurationClasses:83) - Could not detect default configuration classes for test class [com.fekim.workweout.batch.JobTest]: JobTest does not declare any static, non-private, non-final, nested classes annotated with @Configuration.
2024-01-16 22:23:53,104 [Test worker] INFO  org.springframework.boot.test.context.SpringBootTestContextBootstrapper(getOrFindConfigurationClasses:234) - Found @SpringBootConfiguration com.fekim.workweout.WorkWeOutApplication for test class com.fekim.workweout.batch.JobTest
2024-01-16 22:23:57,987 [Test worker] INFO  org.springframework.batch.core.configuration.annotation.BatchRegistrar(registerBeanDefinitions:70) - Finished Spring Batch infrastructure beans configuration in 15 ms.
2024-01-16 22:24:24,288 [Test worker] INFO  org.springframework.test.context.support.AnnotationConfigContextLoaderUtils(detectDefaultConfigurationClasses:83) - Could not detect default configuration classes for test class [com.fekim.workweout.batch.JobTest]: JobTest does not declare any static, non-private, non-final, nested classes annotated with @Configuration.
2024-01-16 22:24:24,848 [Test worker] INFO  org.springframework.boot.test.context.SpringBootTestContextBootstrapper(getOrFindConfigurationClasses:234) - Found @SpringBootConfiguration com.fekim.workweout.WorkWeOutApplication for test class com.fekim.workweout.batch.JobTest
2024-01-16 22:24:29,870 [Test worker] INFO  org.springframework.batch.core.configuration.annotation.BatchRegistrar(registerBeanDefinitions:70) - Finished Spring Batch infrastructure beans configuration in 15 ms.
2024-01-16 22:24:30,783 [Test worker] INFO  org.springframework.data.repository.config.RepositoryConfigurationDelegate(registerRepositoriesIn:139) - Bootstrapping Spring Data JPA repositories in DEFAULT mode.
2024-01-16 22:24:31,239 [Test worker] INFO  org.springframework.data.repository.config.RepositoryConfigurationDelegate(registerRepositoriesIn:208) - Finished Spring Data repository scanning in 423 ms. Found 12 JPA repository interfaces.
2024-01-16 22:24:32,547 [Test worker] WARN  org.springframework.context.support.PostProcessorRegistrationDelegate$BeanPostProcessorChecker(postProcessAfterInitialization:437) - Bean 'jobRegistry' of type [org.springframework.batch.core.configuration.support.MapJobRegistry] is not eligible for getting processed by all BeanPostProcessors (for example: not eligible for auto-proxying). Is this bean getting eagerly injected into a currently created BeanPostProcessor [jobRegistryBeanPostProcessor]? Check the corresponding BeanPostProcessor declaration and its dependencies.
2024-01-16 22:24:35,603 [Test worker] INFO  org.springframework.orm.jpa.persistenceunit.SpringPersistenceUnitInfo(addTransformer:87) - No LoadTimeWeaver setup: ignoring JPA class transformer
2024-01-16 22:24:41,356 [Test worker] INFO  org.springframework.orm.jpa.LocalContainerEntityManagerFactoryBean(buildNativeEntityManagerFactory:437) - Initialized JPA EntityManagerFactory for persistence unit 'default'
2024-01-16 22:24:42,539 [Test worker] INFO  org.springframework.data.jpa.repository.query.QueryEnhancerFactory(<clinit>:49) - Hibernate is in classpath; If applicable, HQL parser will be used.
2024-01-16 22:24:44,529 [Test worker] INFO  org.springframework.batch.core.repository.support.JobRepositoryFactoryBean(afterPropertiesSet:274) - No database type set, using meta data indicating: H2
2024-01-16 22:24:44,731 [Test worker] INFO  org.springframework.batch.core.configuration.annotation.BatchObservabilityBeanPostProcessor(postProcessAfterInitialization:62) - No Micrometer observation registry found, defaulting to ObservationRegistry.NOOP
2024-01-16 22:24:44,838 [Test worker] INFO  org.springframework.batch.core.launch.support.SimpleJobLauncher(afterPropertiesSet:232) - No TaskExecutor has been set, defaulting to synchronous executor.
2024-01-16 22:24:45,500 [Test worker] WARN  org.springframework.boot.autoconfigure.orm.jpa.JpaBaseConfiguration$JpaWebConfiguration(openEntityManagerInViewInterceptor:232) - spring.jpa.open-in-view is enabled by default. Therefore, database queries may be performed during view rendering. Explicitly configure spring.jpa.open-in-view to disable this warning
2024-01-16 22:24:46,733 [Test worker] WARN  org.springframework.boot.autoconfigure.thymeleaf.ThymeleafAutoConfiguration$DefaultTemplateResolverConfiguration(checkTemplateLocationExists:101) - Cannot find template location: classpath:/templates/ (please add some templates, check your Thymeleaf configuration, or set spring.thymeleaf.check-template-location=false)
2024-01-16 22:24:48,244 [Test worker] INFO  org.springframework.boot.autoconfigure.h2.H2ConsoleAutoConfiguration(logDataSources:88) - H2 console available at '/h2-console'. Database available at 'jdbc:h2:~/dev'
2024-01-16 22:24:48,565 [Test worker] INFO  org.springframework.scheduling.quartz.SchedulerFactoryBean(startScheduler:729) - Starting Quartz Scheduler now
2024-01-16 22:24:50,652 [Test worker] INFO  org.springframework.batch.core.launch.support.SimpleJobLauncher(run:154) - Job: [SimpleJob: [name=WeeklyStatSmsSendJob]] launched with the following parameters: [{'reSendYn':'{value=Y, type=class java.lang.String, identifying=true}','dummy':'{value=4, type=class java.lang.String, identifying=true}','yyyyMmW':'{value=2024011, type=class java.lang.String, identifying=true}'}]
2024-01-16 22:24:51,057 [Test worker] WARN  org.springframework.batch.core.listener.AbstractListenerFactoryBean(isListener:227) - org.springframework.batch.item.ItemWriter is an interface. The implementing class will not be queried for annotation based listener configurations. If using @StepScope on a @Bean method, be sure to return the implementing class so listener annotations can be used.
2024-01-16 22:24:51,059 [Test worker] WARN  org.springframework.batch.core.listener.AbstractListenerFactoryBean(isListener:227) - org.springframework.batch.item.ItemProcessor is an interface. The implementing class will not be queried for annotation based listener configurations. If using @StepScope on a @Bean method, be sure to return the implementing class so listener annotations can be used.
2024-01-16 22:24:51,097 [Test worker] INFO  org.springframework.batch.core.configuration.annotation.BatchObservabilityBeanPostProcessor(postProcessAfterInitialization:62) - No Micrometer observation registry found, defaulting to ObservationRegistry.NOOP
2024-01-16 22:24:51,112 [Test worker] INFO  org.springframework.batch.core.job.SimpleStepHandler(handleStep:150) - Executing step: [step01]
2024-01-16 22:24:51,916 [Test worker] INFO  org.springframework.batch.core.step.AbstractStep(execute:295) - Step: [step01] executed in 803ms
2024-01-16 22:24:51,980 [Test worker] INFO  org.springframework.batch.core.launch.support.SimpleJobLauncher(run:161) - Job: [SimpleJob: [name=WeeklyStatSmsSendJob]] completed with the following parameters: [{'reSendYn':'{value=Y, type=class java.lang.String, identifying=true}','dummy':'{value=4, type=class java.lang.String, identifying=true}','yyyyMmW':'{value=2024011, type=class java.lang.String, identifying=true}'}] and the following status: [COMPLETED] in 1s232ms
2024-01-16 22:24:52,053 [SpringApplicationShutdownHook] INFO  org.springframework.scheduling.quartz.SchedulerFactoryBean(destroy:847) - Shutting down Quartz Scheduler
2024-01-16 22:24:52,059 [SpringApplicationShutdownHook] INFO  org.springframework.orm.jpa.LocalContainerEntityManagerFactoryBean(destroy:650) - Closing JPA EntityManagerFactory for persistence unit 'default'
2024-01-16 22:25:52,087 [restartedMain] INFO  org.springframework.boot.devtools.restart.ChangeableUrls(logTo:252) - The Class-Path manifest attribute in C:\Users\Fekim\.gradle\caches\modules-2\files-2.1\com.oracle.database.jdbc\ojdbc11\23.3.0.23.09\405bcbc8d8dab59f562125fa1d2b7e06d21649f3\ojdbc11-23.3.0.23.09.jar referenced one or more files that do not exist: file:/C:/Users/Fekim/.gradle/caches/modules-2/files-2.1/com.oracle.database.jdbc/ojdbc11/23.3.0.23.09/405bcbc8d8dab59f562125fa1d2b7e06d21649f3/oraclepki.jar
2024-01-16 22:25:52,091 [restartedMain] INFO  org.springframework.boot.devtools.env.DevToolsPropertyDefaultsPostProcessor(logTo:252) - Devtools property defaults active! Set 'spring.devtools.add-properties' to 'false' to disable
2024-01-16 22:25:52,093 [restartedMain] INFO  org.springframework.boot.devtools.env.DevToolsPropertyDefaultsPostProcessor(logTo:252) - For additional web related logging consider setting the 'logging.level.web' property to 'DEBUG'
2024-01-16 22:25:53,917 [restartedMain] INFO  org.springframework.batch.core.configuration.annotation.BatchRegistrar(registerBeanDefinitions:70) - Finished Spring Batch infrastructure beans configuration in 12 ms.
2024-01-16 22:25:54,633 [restartedMain] INFO  org.springframework.data.repository.config.RepositoryConfigurationDelegate(registerRepositoriesIn:139) - Bootstrapping Spring Data JPA repositories in DEFAULT mode.
2024-01-16 22:25:54,941 [restartedMain] INFO  org.springframework.data.repository.config.RepositoryConfigurationDelegate(registerRepositoriesIn:208) - Finished Spring Data repository scanning in 287 ms. Found 12 JPA repository interfaces.
2024-01-16 22:25:55,756 [restartedMain] WARN  org.springframework.context.support.PostProcessorRegistrationDelegate$BeanPostProcessorChecker(postProcessAfterInitialization:437) - Bean 'jobRegistry' of type [org.springframework.batch.core.configuration.support.MapJobRegistry] is not eligible for getting processed by all BeanPostProcessors (for example: not eligible for auto-proxying). Is this bean getting eagerly injected into a currently created BeanPostProcessor [jobRegistryBeanPostProcessor]? Check the corresponding BeanPostProcessor declaration and its dependencies.
2024-01-16 22:25:56,545 [restartedMain] INFO  org.springframework.boot.web.embedded.tomcat.TomcatWebServer(initialize:109) - Tomcat initialized with port 8080 (http)
2024-01-16 22:25:56,762 [restartedMain] INFO  org.springframework.boot.web.servlet.context.ServletWebServerApplicationContext(prepareWebApplicationContext:296) - Root WebApplicationContext: initialization completed in 4663 ms
2024-01-16 22:25:57,443 [restartedMain] INFO  org.springframework.boot.autoconfigure.h2.H2ConsoleAutoConfiguration(logDataSources:88) - H2 console available at '/h2-console'. Database available at 'jdbc:h2:~/dev'
2024-01-16 22:25:58,828 [restartedMain] INFO  org.springframework.orm.jpa.persistenceunit.SpringPersistenceUnitInfo(addTransformer:87) - No LoadTimeWeaver setup: ignoring JPA class transformer
2024-01-16 22:26:01,823 [restartedMain] INFO  org.springframework.orm.jpa.LocalContainerEntityManagerFactoryBean(buildNativeEntityManagerFactory:437) - Initialized JPA EntityManagerFactory for persistence unit 'default'
2024-01-16 22:26:02,485 [restartedMain] INFO  org.springframework.data.jpa.repository.query.QueryEnhancerFactory(<clinit>:49) - Hibernate is in classpath; If applicable, HQL parser will be used.
2024-01-16 22:26:03,212 [restartedMain] INFO  org.springframework.batch.core.repository.support.JobRepositoryFactoryBean(afterPropertiesSet:274) - No database type set, using meta data indicating: H2
2024-01-16 22:26:03,316 [restartedMain] INFO  org.springframework.batch.core.configuration.annotation.BatchObservabilityBeanPostProcessor(postProcessAfterInitialization:62) - No Micrometer observation registry found, defaulting to ObservationRegistry.NOOP
2024-01-16 22:26:03,387 [restartedMain] INFO  org.springframework.batch.core.launch.support.SimpleJobLauncher(afterPropertiesSet:232) - No TaskExecutor has been set, defaulting to synchronous executor.
2024-01-16 22:26:03,506 [restartedMain] WARN  org.springframework.boot.autoconfigure.orm.jpa.JpaBaseConfiguration$JpaWebConfiguration(openEntityManagerInViewInterceptor:232) - spring.jpa.open-in-view is enabled by default. Therefore, database queries may be performed during view rendering. Explicitly configure spring.jpa.open-in-view to disable this warning
2024-01-16 22:26:04,115 [restartedMain] WARN  org.springframework.boot.autoconfigure.thymeleaf.ThymeleafAutoConfiguration$DefaultTemplateResolverConfiguration(checkTemplateLocationExists:101) - Cannot find template location: classpath:/templates/ (please add some templates, check your Thymeleaf configuration, or set spring.thymeleaf.check-template-location=false)
2024-01-16 22:26:05,890 [restartedMain] INFO  org.springframework.boot.devtools.autoconfigure.OptionalLiveReloadServer(startServer:59) - LiveReload server is running on port 35729
2024-01-16 22:26:05,996 [restartedMain] INFO  org.springframework.boot.web.embedded.tomcat.TomcatWebServer(start:241) - Tomcat started on port 8080 (http) with context path ''
2024-01-16 22:26:06,001 [restartedMain] INFO  org.springframework.scheduling.quartz.SchedulerFactoryBean(startScheduler:729) - Starting Quartz Scheduler now
2024-01-16 22:27:25,214 [SpringApplicationShutdownHook] INFO  org.springframework.scheduling.quartz.SchedulerFactoryBean(destroy:847) - Shutting down Quartz Scheduler
2024-01-16 22:27:25,217 [SpringApplicationShutdownHook] INFO  org.springframework.orm.jpa.LocalContainerEntityManagerFactoryBean(destroy:650) - Closing JPA EntityManagerFactory for persistence unit 'default'
2024-01-16 22:27:49,880 [Test worker] INFO  org.springframework.test.context.support.AnnotationConfigContextLoaderUtils(detectDefaultConfigurationClasses:83) - Could not detect default configuration classes for test class [com.fekim.workweout.batch.JobTest]: JobTest does not declare any static, non-private, non-final, nested classes annotated with @Configuration.
2024-01-16 22:27:50,278 [Test worker] INFO  org.springframework.boot.test.context.SpringBootTestContextBootstrapper(getOrFindConfigurationClasses:234) - Found @SpringBootConfiguration com.fekim.workweout.WorkWeOutApplication for test class com.fekim.workweout.batch.JobTest
2024-01-16 22:27:54,334 [Test worker] INFO  org.springframework.batch.core.configuration.annotation.BatchRegistrar(registerBeanDefinitions:70) - Finished Spring Batch infrastructure beans configuration in 14 ms.
2024-01-16 22:27:55,175 [Test worker] INFO  org.springframework.data.repository.config.RepositoryConfigurationDelegate(registerRepositoriesIn:139) - Bootstrapping Spring Data JPA repositories in DEFAULT mode.
2024-01-16 22:27:55,591 [Test worker] INFO  org.springframework.data.repository.config.RepositoryConfigurationDelegate(registerRepositoriesIn:208) - Finished Spring Data repository scanning in 383 ms. Found 12 JPA repository interfaces.
2024-01-16 22:27:56,880 [Test worker] WARN  org.springframework.context.support.PostProcessorRegistrationDelegate$BeanPostProcessorChecker(postProcessAfterInitialization:437) - Bean 'jobRegistry' of type [org.springframework.batch.core.configuration.support.MapJobRegistry] is not eligible for getting processed by all BeanPostProcessors (for example: not eligible for auto-proxying). Is this bean getting eagerly injected into a currently created BeanPostProcessor [jobRegistryBeanPostProcessor]? Check the corresponding BeanPostProcessor declaration and its dependencies.
2024-01-16 22:27:59,452 [Test worker] INFO  org.springframework.orm.jpa.persistenceunit.SpringPersistenceUnitInfo(addTransformer:87) - No LoadTimeWeaver setup: ignoring JPA class transformer
2024-01-16 22:28:04,557 [Test worker] INFO  org.springframework.orm.jpa.LocalContainerEntityManagerFactoryBean(buildNativeEntityManagerFactory:437) - Initialized JPA EntityManagerFactory for persistence unit 'default'
2024-01-16 22:28:05,643 [Test worker] INFO  org.springframework.data.jpa.repository.query.QueryEnhancerFactory(<clinit>:49) - Hibernate is in classpath; If applicable, HQL parser will be used.
2024-01-16 22:28:07,323 [Test worker] INFO  org.springframework.batch.core.repository.support.JobRepositoryFactoryBean(afterPropertiesSet:274) - No database type set, using meta data indicating: H2
2024-01-16 22:28:07,507 [Test worker] INFO  org.springframework.batch.core.configuration.annotation.BatchObservabilityBeanPostProcessor(postProcessAfterInitialization:62) - No Micrometer observation registry found, defaulting to ObservationRegistry.NOOP
2024-01-16 22:28:07,668 [Test worker] INFO  org.springframework.batch.core.launch.support.SimpleJobLauncher(afterPropertiesSet:232) - No TaskExecutor has been set, defaulting to synchronous executor.
2024-01-16 22:28:08,291 [Test worker] WARN  org.springframework.boot.autoconfigure.orm.jpa.JpaBaseConfiguration$JpaWebConfiguration(openEntityManagerInViewInterceptor:232) - spring.jpa.open-in-view is enabled by default. Therefore, database queries may be performed during view rendering. Explicitly configure spring.jpa.open-in-view to disable this warning
2024-01-16 22:28:09,453 [Test worker] WARN  org.springframework.boot.autoconfigure.thymeleaf.ThymeleafAutoConfiguration$DefaultTemplateResolverConfiguration(checkTemplateLocationExists:101) - Cannot find template location: classpath:/templates/ (please add some templates, check your Thymeleaf configuration, or set spring.thymeleaf.check-template-location=false)
2024-01-16 22:28:11,136 [Test worker] INFO  org.springframework.boot.autoconfigure.h2.H2ConsoleAutoConfiguration(logDataSources:88) - H2 console available at '/h2-console'. Database available at 'jdbc:h2:~/dev'
2024-01-16 22:28:11,453 [Test worker] INFO  org.springframework.scheduling.quartz.SchedulerFactoryBean(startScheduler:729) - Starting Quartz Scheduler now
2024-01-16 22:28:13,225 [Test worker] INFO  org.springframework.batch.core.launch.support.SimpleJobLauncher(run:154) - Job: [SimpleJob: [name=WeeklyStatSmsSendJob]] launched with the following parameters: [{'reSendYn':'{value=Y, type=class java.lang.String, identifying=true}','dummy':'{value=5, type=class java.lang.String, identifying=true}','yyyyMmW':'{value=2024011, type=class java.lang.String, identifying=true}'}]
2024-01-16 22:28:13,569 [Test worker] WARN  org.springframework.batch.core.listener.AbstractListenerFactoryBean(isListener:227) - org.springframework.batch.item.ItemWriter is an interface. The implementing class will not be queried for annotation based listener configurations. If using @StepScope on a @Bean method, be sure to return the implementing class so listener annotations can be used.
2024-01-16 22:28:13,571 [Test worker] WARN  org.springframework.batch.core.listener.AbstractListenerFactoryBean(isListener:227) - org.springframework.batch.item.ItemProcessor is an interface. The implementing class will not be queried for annotation based listener configurations. If using @StepScope on a @Bean method, be sure to return the implementing class so listener annotations can be used.
2024-01-16 22:28:13,629 [Test worker] INFO  org.springframework.batch.core.configuration.annotation.BatchObservabilityBeanPostProcessor(postProcessAfterInitialization:62) - No Micrometer observation registry found, defaulting to ObservationRegistry.NOOP
2024-01-16 22:28:13,653 [Test worker] INFO  org.springframework.batch.core.job.SimpleStepHandler(handleStep:150) - Executing step: [step01]
2024-01-16 22:28:14,393 [Test worker] INFO  org.springframework.batch.core.step.AbstractStep(execute:295) - Step: [step01] executed in 738ms
2024-01-16 22:28:14,441 [Test worker] INFO  org.springframework.batch.core.launch.support.SimpleJobLauncher(run:161) - Job: [SimpleJob: [name=WeeklyStatSmsSendJob]] completed with the following parameters: [{'reSendYn':'{value=Y, type=class java.lang.String, identifying=true}','dummy':'{value=5, type=class java.lang.String, identifying=true}','yyyyMmW':'{value=2024011, type=class java.lang.String, identifying=true}'}] and the following status: [COMPLETED] in 1s150ms
2024-01-16 22:28:14,511 [SpringApplicationShutdownHook] INFO  org.springframework.scheduling.quartz.SchedulerFactoryBean(destroy:847) - Shutting down Quartz Scheduler
2024-01-16 22:28:14,518 [SpringApplicationShutdownHook] INFO  org.springframework.orm.jpa.LocalContainerEntityManagerFactoryBean(destroy:650) - Closing JPA EntityManagerFactory for persistence unit 'default'
