2024-01-17 17:01:22,220 [restartedMain] INFO  org.springframework.boot.devtools.restart.ChangeableUrls(logTo:252) - The Class-Path manifest attribute in C:\Users\NB-22062902\.gradle\caches\modules-2\files-2.1\com.oracle.database.jdbc\ojdbc11\23.3.0.23.09\405bcbc8d8dab59f562125fa1d2b7e06d21649f3\ojdbc11-23.3.0.23.09.jar referenced one or more files that do not exist: file:/C:/Users/NB-22062902/.gradle/caches/modules-2/files-2.1/com.oracle.database.jdbc/ojdbc11/23.3.0.23.09/405bcbc8d8dab59f562125fa1d2b7e06d21649f3/oraclepki.jar
2024-01-17 17:01:22,236 [restartedMain] INFO  org.springframework.boot.devtools.env.DevToolsPropertyDefaultsPostProcessor(logTo:252) - Devtools property defaults active! Set 'spring.devtools.add-properties' to 'false' to disable
2024-01-17 17:01:22,236 [restartedMain] INFO  org.springframework.boot.devtools.env.DevToolsPropertyDefaultsPostProcessor(logTo:252) - For additional web related logging consider setting the 'logging.level.web' property to 'DEBUG'
2024-01-17 17:01:22,838 [restartedMain] INFO  org.springframework.batch.core.configuration.annotation.BatchRegistrar(registerBeanDefinitions:70) - Finished Spring Batch infrastructure beans configuration in 4 ms.
2024-01-17 17:01:23,038 [restartedMain] INFO  org.springframework.data.repository.config.RepositoryConfigurationDelegate(registerRepositoriesIn:139) - Bootstrapping Spring Data JPA repositories in DEFAULT mode.
2024-01-17 17:01:23,127 [restartedMain] INFO  org.springframework.data.repository.config.RepositoryConfigurationDelegate(registerRepositoriesIn:208) - Finished Spring Data repository scanning in 82 ms. Found 12 JPA repository interfaces.
2024-01-17 17:01:23,377 [restartedMain] WARN  org.springframework.context.support.PostProcessorRegistrationDelegate$BeanPostProcessorChecker(postProcessAfterInitialization:437) - Bean 'jobRegistry' of type [org.springframework.batch.core.configuration.support.MapJobRegistry] is not eligible for getting processed by all BeanPostProcessors (for example: not eligible for auto-proxying). Is this bean getting eagerly injected into a currently created BeanPostProcessor [jobRegistryBeanPostProcessor]? Check the corresponding BeanPostProcessor declaration and its dependencies.
2024-01-17 17:01:23,600 [restartedMain] INFO  org.springframework.boot.web.embedded.tomcat.TomcatWebServer(initialize:109) - Tomcat initialized with port 8080 (http)
2024-01-17 17:01:23,676 [restartedMain] INFO  org.springframework.boot.web.servlet.context.ServletWebServerApplicationContext(prepareWebApplicationContext:296) - Root WebApplicationContext: initialization completed in 1438 ms
2024-01-17 17:01:23,992 [restartedMain] INFO  org.springframework.boot.autoconfigure.h2.H2ConsoleAutoConfiguration(logDataSources:88) - H2 console available at '/h2-console'. Database available at 'jdbc:h2:~/dev'
2024-01-17 17:01:24,422 [restartedMain] INFO  org.springframework.orm.jpa.persistenceunit.SpringPersistenceUnitInfo(addTransformer:87) - No LoadTimeWeaver setup: ignoring JPA class transformer
2024-01-17 17:01:25,335 [restartedMain] INFO  org.springframework.orm.jpa.LocalContainerEntityManagerFactoryBean(buildNativeEntityManagerFactory:437) - Initialized JPA EntityManagerFactory for persistence unit 'default'
2024-01-17 17:01:25,594 [restartedMain] INFO  org.springframework.data.jpa.repository.query.QueryEnhancerFactory(<clinit>:49) - Hibernate is in classpath; If applicable, HQL parser will be used.
2024-01-17 17:01:26,283 [restartedMain] INFO  org.springframework.batch.core.repository.support.JobRepositoryFactoryBean(afterPropertiesSet:274) - No database type set, using meta data indicating: H2
2024-01-17 17:01:26,298 [restartedMain] INFO  org.springframework.batch.core.launch.support.SimpleJobLauncher(afterPropertiesSet:232) - No TaskExecutor has been set, defaulting to synchronous executor.
2024-01-17 17:01:26,329 [restartedMain] INFO  org.springframework.batch.core.configuration.annotation.BatchObservabilityBeanPostProcessor(postProcessAfterInitialization:62) - No Micrometer observation registry found, defaulting to ObservationRegistry.NOOP
2024-01-17 17:01:26,332 [restartedMain] INFO  org.springframework.batch.core.configuration.annotation.BatchObservabilityBeanPostProcessor(postProcessAfterInitialization:62) - No Micrometer observation registry found, defaulting to ObservationRegistry.NOOP
2024-01-17 17:01:26,397 [restartedMain] WARN  org.springframework.boot.autoconfigure.orm.jpa.JpaBaseConfiguration$JpaWebConfiguration(openEntityManagerInViewInterceptor:232) - spring.jpa.open-in-view is enabled by default. Therefore, database queries may be performed during view rendering. Explicitly configure spring.jpa.open-in-view to disable this warning
2024-01-17 17:01:26,625 [restartedMain] WARN  org.springframework.boot.autoconfigure.thymeleaf.ThymeleafAutoConfiguration$DefaultTemplateResolverConfiguration(checkTemplateLocationExists:101) - Cannot find template location: classpath:/templates/ (please add some templates, check your Thymeleaf configuration, or set spring.thymeleaf.check-template-location=false)
2024-01-17 17:01:26,861 [restartedMain] INFO  org.springframework.boot.devtools.autoconfigure.OptionalLiveReloadServer(startServer:59) - LiveReload server is running on port 35729
2024-01-17 17:01:26,898 [restartedMain] INFO  org.springframework.boot.web.embedded.tomcat.TomcatWebServer(start:241) - Tomcat started on port 8080 (http) with context path ''
2024-01-17 17:01:26,899 [restartedMain] INFO  org.springframework.scheduling.quartz.SchedulerFactoryBean(startScheduler:729) - Starting Quartz Scheduler now
2024-01-17 17:01:46,151 [SpringApplicationShutdownHook] INFO  org.springframework.scheduling.quartz.SchedulerFactoryBean(destroy:847) - Shutting down Quartz Scheduler
2024-01-17 17:01:46,152 [SpringApplicationShutdownHook] INFO  org.springframework.orm.jpa.LocalContainerEntityManagerFactoryBean(destroy:650) - Closing JPA EntityManagerFactory for persistence unit 'default'
