2024-01-16 17:17:32,493 [main] INFO  org.springframework.test.context.support.AnnotationConfigContextLoaderUtils(detectDefaultConfigurationClasses:83) - Could not detect default configuration classes for test class [com.fekim.workweout.batch.JobTest]: JobTest does not declare any static, non-private, non-final, nested classes annotated with @Configuration.
2024-01-16 17:17:32,668 [main] INFO  org.springframework.boot.test.context.SpringBootTestContextBootstrapper(getOrFindConfigurationClasses:234) - Found @SpringBootConfiguration com.fekim.workweout.WorkWeOutApplication for test class com.fekim.workweout.batch.JobTest
2024-01-16 17:17:33,831 [main] INFO  org.springframework.batch.core.configuration.annotation.BatchRegistrar(registerBeanDefinitions:70) - Finished Spring Batch infrastructure beans configuration in 7 ms.
2024-01-16 17:17:34,092 [main] INFO  org.springframework.data.repository.config.RepositoryConfigurationDelegate(registerRepositoriesIn:139) - Bootstrapping Spring Data JPA repositories in DEFAULT mode.
2024-01-16 17:17:34,221 [main] INFO  org.springframework.data.repository.config.RepositoryConfigurationDelegate(registerRepositoriesIn:208) - Finished Spring Data repository scanning in 118 ms. Found 12 JPA repository interfaces.
2024-01-16 17:17:34,590 [main] WARN  org.springframework.context.support.PostProcessorRegistrationDelegate$BeanPostProcessorChecker(postProcessAfterInitialization:437) - Bean 'jobRegistry' of type [org.springframework.batch.core.configuration.support.MapJobRegistry] is not eligible for getting processed by all BeanPostProcessors (for example: not eligible for auto-proxying). Is this bean getting eagerly injected into a currently created BeanPostProcessor [jobRegistryBeanPostProcessor]? Check the corresponding BeanPostProcessor declaration and its dependencies.
2024-01-16 17:17:35,441 [main] INFO  org.springframework.orm.jpa.persistenceunit.SpringPersistenceUnitInfo(addTransformer:87) - No LoadTimeWeaver setup: ignoring JPA class transformer
2024-01-16 17:17:37,109 [main] INFO  org.springframework.orm.jpa.LocalContainerEntityManagerFactoryBean(buildNativeEntityManagerFactory:437) - Initialized JPA EntityManagerFactory for persistence unit 'default'
2024-01-16 17:17:37,426 [main] INFO  org.springframework.data.jpa.repository.query.QueryEnhancerFactory(<clinit>:49) - Hibernate is in classpath; If applicable, HQL parser will be used.
2024-01-16 17:17:38,013 [main] INFO  org.springframework.batch.core.repository.support.JobRepositoryFactoryBean(afterPropertiesSet:274) - No database type set, using meta data indicating: H2
2024-01-16 17:17:38,072 [main] INFO  org.springframework.batch.core.configuration.annotation.BatchObservabilityBeanPostProcessor(postProcessAfterInitialization:62) - No Micrometer observation registry found, defaulting to ObservationRegistry.NOOP
2024-01-16 17:17:38,107 [main] INFO  org.springframework.batch.core.launch.support.SimpleJobLauncher(afterPropertiesSet:232) - No TaskExecutor has been set, defaulting to synchronous executor.
2024-01-16 17:17:38,288 [main] WARN  org.springframework.boot.autoconfigure.orm.jpa.JpaBaseConfiguration$JpaWebConfiguration(openEntityManagerInViewInterceptor:232) - spring.jpa.open-in-view is enabled by default. Therefore, database queries may be performed during view rendering. Explicitly configure spring.jpa.open-in-view to disable this warning
2024-01-16 17:17:38,657 [main] WARN  org.springframework.boot.autoconfigure.thymeleaf.ThymeleafAutoConfiguration$DefaultTemplateResolverConfiguration(checkTemplateLocationExists:101) - Cannot find template location: classpath:/templates/ (please add some templates, check your Thymeleaf configuration, or set spring.thymeleaf.check-template-location=false)
2024-01-16 17:17:39,192 [main] INFO  org.springframework.boot.autoconfigure.h2.H2ConsoleAutoConfiguration(logDataSources:88) - H2 console available at '/h2-console'. Database available at 'jdbc:h2:~/dev'
2024-01-16 17:17:39,293 [main] INFO  org.springframework.scheduling.quartz.SchedulerFactoryBean(startScheduler:729) - Starting Quartz Scheduler now
2024-01-16 17:17:39,961 [main] INFO  org.springframework.batch.core.launch.support.SimpleJobLauncher(run:154) - Job: [SimpleJob: [name=WeeklyStatSmsSendJob]] launched with the following parameters: [{'reSendYn':'{value=N, type=class java.lang.String, identifying=true}','yyyyMmW':'{value=2024011, type=class java.lang.String, identifying=true}'}]
2024-01-16 17:17:40,112 [main] WARN  org.springframework.batch.core.listener.AbstractListenerFactoryBean(isListener:227) - org.springframework.batch.item.ItemWriter is an interface. The implementing class will not be queried for annotation based listener configurations. If using @StepScope on a @Bean method, be sure to return the implementing class so listener annotations can be used.
2024-01-16 17:17:40,113 [main] WARN  org.springframework.batch.core.listener.AbstractListenerFactoryBean(isListener:227) - org.springframework.batch.item.ItemProcessor is an interface. The implementing class will not be queried for annotation based listener configurations. If using @StepScope on a @Bean method, be sure to return the implementing class so listener annotations can be used.
2024-01-16 17:17:40,123 [main] INFO  org.springframework.batch.core.configuration.annotation.BatchObservabilityBeanPostProcessor(postProcessAfterInitialization:62) - No Micrometer observation registry found, defaulting to ObservationRegistry.NOOP
2024-01-16 17:17:40,128 [main] INFO  org.springframework.batch.core.job.SimpleStepHandler(handleStep:150) - Executing step: [step01]
2024-01-16 17:17:40,288 [main] INFO  org.springframework.batch.core.step.AbstractStep(execute:295) - Step: [step01] executed in 159ms
2024-01-16 17:17:40,303 [main] INFO  org.springframework.batch.core.launch.support.SimpleJobLauncher(run:161) - Job: [SimpleJob: [name=WeeklyStatSmsSendJob]] completed with the following parameters: [{'reSendYn':'{value=N, type=class java.lang.String, identifying=true}','yyyyMmW':'{value=2024011, type=class java.lang.String, identifying=true}'}] and the following status: [COMPLETED] in 316ms
2024-01-16 17:17:40,320 [SpringApplicationShutdownHook] INFO  org.springframework.scheduling.quartz.SchedulerFactoryBean(destroy:847) - Shutting down Quartz Scheduler
2024-01-16 17:17:40,322 [SpringApplicationShutdownHook] INFO  org.springframework.orm.jpa.LocalContainerEntityManagerFactoryBean(destroy:650) - Closing JPA EntityManagerFactory for persistence unit 'default'
2024-01-16 17:18:31,244 [restartedMain] INFO  org.springframework.boot.devtools.restart.ChangeableUrls(logTo:252) - The Class-Path manifest attribute in C:\Users\NB-22062902\.gradle\caches\modules-2\files-2.1\com.oracle.database.jdbc\ojdbc11\23.3.0.23.09\405bcbc8d8dab59f562125fa1d2b7e06d21649f3\ojdbc11-23.3.0.23.09.jar referenced one or more files that do not exist: file:/C:/Users/NB-22062902/.gradle/caches/modules-2/files-2.1/com.oracle.database.jdbc/ojdbc11/23.3.0.23.09/405bcbc8d8dab59f562125fa1d2b7e06d21649f3/oraclepki.jar
2024-01-16 17:18:31,246 [restartedMain] INFO  org.springframework.boot.devtools.env.DevToolsPropertyDefaultsPostProcessor(logTo:252) - Devtools property defaults active! Set 'spring.devtools.add-properties' to 'false' to disable
2024-01-16 17:18:31,247 [restartedMain] INFO  org.springframework.boot.devtools.env.DevToolsPropertyDefaultsPostProcessor(logTo:252) - For additional web related logging consider setting the 'logging.level.web' property to 'DEBUG'
2024-01-16 17:18:31,779 [restartedMain] INFO  org.springframework.batch.core.configuration.annotation.BatchRegistrar(registerBeanDefinitions:70) - Finished Spring Batch infrastructure beans configuration in 3 ms.
2024-01-16 17:18:31,956 [restartedMain] INFO  org.springframework.data.repository.config.RepositoryConfigurationDelegate(registerRepositoriesIn:139) - Bootstrapping Spring Data JPA repositories in DEFAULT mode.
2024-01-16 17:18:32,041 [restartedMain] INFO  org.springframework.data.repository.config.RepositoryConfigurationDelegate(registerRepositoriesIn:208) - Finished Spring Data repository scanning in 80 ms. Found 12 JPA repository interfaces.
2024-01-16 17:18:32,270 [restartedMain] WARN  org.springframework.context.support.PostProcessorRegistrationDelegate$BeanPostProcessorChecker(postProcessAfterInitialization:437) - Bean 'jobRegistry' of type [org.springframework.batch.core.configuration.support.MapJobRegistry] is not eligible for getting processed by all BeanPostProcessors (for example: not eligible for auto-proxying). Is this bean getting eagerly injected into a currently created BeanPostProcessor [jobRegistryBeanPostProcessor]? Check the corresponding BeanPostProcessor declaration and its dependencies.
2024-01-16 17:18:32,511 [restartedMain] INFO  org.springframework.boot.web.embedded.tomcat.TomcatWebServer(initialize:109) - Tomcat initialized with port 8080 (http)
2024-01-16 17:18:32,580 [restartedMain] INFO  org.springframework.boot.web.servlet.context.ServletWebServerApplicationContext(prepareWebApplicationContext:296) - Root WebApplicationContext: initialization completed in 1333 ms
2024-01-16 17:18:32,910 [restartedMain] INFO  org.springframework.boot.autoconfigure.h2.H2ConsoleAutoConfiguration(logDataSources:88) - H2 console available at '/h2-console'. Database available at 'jdbc:h2:~/dev'
2024-01-16 17:18:33,308 [restartedMain] INFO  org.springframework.orm.jpa.persistenceunit.SpringPersistenceUnitInfo(addTransformer:87) - No LoadTimeWeaver setup: ignoring JPA class transformer
2024-01-16 17:18:34,236 [restartedMain] INFO  org.springframework.orm.jpa.LocalContainerEntityManagerFactoryBean(buildNativeEntityManagerFactory:437) - Initialized JPA EntityManagerFactory for persistence unit 'default'
2024-01-16 17:18:34,460 [restartedMain] INFO  org.springframework.data.jpa.repository.query.QueryEnhancerFactory(<clinit>:49) - Hibernate is in classpath; If applicable, HQL parser will be used.
2024-01-16 17:18:34,757 [restartedMain] INFO  org.springframework.batch.core.repository.support.JobRepositoryFactoryBean(afterPropertiesSet:274) - No database type set, using meta data indicating: H2
2024-01-16 17:18:34,793 [restartedMain] INFO  org.springframework.batch.core.configuration.annotation.BatchObservabilityBeanPostProcessor(postProcessAfterInitialization:62) - No Micrometer observation registry found, defaulting to ObservationRegistry.NOOP
2024-01-16 17:18:34,813 [restartedMain] INFO  org.springframework.batch.core.launch.support.SimpleJobLauncher(afterPropertiesSet:232) - No TaskExecutor has been set, defaulting to synchronous executor.
2024-01-16 17:18:34,853 [restartedMain] WARN  org.springframework.boot.autoconfigure.orm.jpa.JpaBaseConfiguration$JpaWebConfiguration(openEntityManagerInViewInterceptor:232) - spring.jpa.open-in-view is enabled by default. Therefore, database queries may be performed during view rendering. Explicitly configure spring.jpa.open-in-view to disable this warning
2024-01-16 17:18:35,045 [restartedMain] WARN  org.springframework.boot.autoconfigure.thymeleaf.ThymeleafAutoConfiguration$DefaultTemplateResolverConfiguration(checkTemplateLocationExists:101) - Cannot find template location: classpath:/templates/ (please add some templates, check your Thymeleaf configuration, or set spring.thymeleaf.check-template-location=false)
2024-01-16 17:18:35,449 [restartedMain] INFO  org.springframework.boot.devtools.autoconfigure.OptionalLiveReloadServer(startServer:59) - LiveReload server is running on port 35729
2024-01-16 17:18:35,485 [restartedMain] INFO  org.springframework.boot.web.embedded.tomcat.TomcatWebServer(start:241) - Tomcat started on port 8080 (http) with context path ''
2024-01-16 17:18:35,486 [restartedMain] INFO  org.springframework.scheduling.quartz.SchedulerFactoryBean(startScheduler:729) - Starting Quartz Scheduler now
2024-01-16 17:45:45,952 [SpringApplicationShutdownHook] INFO  org.springframework.scheduling.quartz.SchedulerFactoryBean(destroy:847) - Shutting down Quartz Scheduler
2024-01-16 17:45:45,954 [SpringApplicationShutdownHook] INFO  org.springframework.orm.jpa.LocalContainerEntityManagerFactoryBean(destroy:650) - Closing JPA EntityManagerFactory for persistence unit 'default'
2024-01-16 17:48:22,641 [main] INFO  org.springframework.test.context.support.AnnotationConfigContextLoaderUtils(detectDefaultConfigurationClasses:83) - Could not detect default configuration classes for test class [com.fekim.workweout.batch.JobTest]: JobTest does not declare any static, non-private, non-final, nested classes annotated with @Configuration.
2024-01-16 17:48:22,775 [main] INFO  org.springframework.boot.test.context.SpringBootTestContextBootstrapper(getOrFindConfigurationClasses:234) - Found @SpringBootConfiguration com.fekim.workweout.WorkWeOutApplication for test class com.fekim.workweout.batch.JobTest
2024-01-16 17:48:23,848 [main] INFO  org.springframework.batch.core.configuration.annotation.BatchRegistrar(registerBeanDefinitions:70) - Finished Spring Batch infrastructure beans configuration in 5 ms.
2024-01-16 17:48:24,103 [main] INFO  org.springframework.data.repository.config.RepositoryConfigurationDelegate(registerRepositoriesIn:139) - Bootstrapping Spring Data JPA repositories in DEFAULT mode.
2024-01-16 17:48:24,225 [main] INFO  org.springframework.data.repository.config.RepositoryConfigurationDelegate(registerRepositoriesIn:208) - Finished Spring Data repository scanning in 113 ms. Found 12 JPA repository interfaces.
2024-01-16 17:48:24,579 [main] WARN  org.springframework.context.support.PostProcessorRegistrationDelegate$BeanPostProcessorChecker(postProcessAfterInitialization:437) - Bean 'jobRegistry' of type [org.springframework.batch.core.configuration.support.MapJobRegistry] is not eligible for getting processed by all BeanPostProcessors (for example: not eligible for auto-proxying). Is this bean getting eagerly injected into a currently created BeanPostProcessor [jobRegistryBeanPostProcessor]? Check the corresponding BeanPostProcessor declaration and its dependencies.
2024-01-16 17:48:25,284 [main] INFO  org.springframework.orm.jpa.persistenceunit.SpringPersistenceUnitInfo(addTransformer:87) - No LoadTimeWeaver setup: ignoring JPA class transformer
2024-01-16 17:48:26,871 [main] INFO  org.springframework.orm.jpa.LocalContainerEntityManagerFactoryBean(buildNativeEntityManagerFactory:437) - Initialized JPA EntityManagerFactory for persistence unit 'default'
2024-01-16 17:48:27,201 [main] INFO  org.springframework.data.jpa.repository.query.QueryEnhancerFactory(<clinit>:49) - Hibernate is in classpath; If applicable, HQL parser will be used.
2024-01-16 17:48:27,886 [main] INFO  org.springframework.batch.core.repository.support.JobRepositoryFactoryBean(afterPropertiesSet:274) - No database type set, using meta data indicating: H2
2024-01-16 17:48:27,943 [main] INFO  org.springframework.batch.core.configuration.annotation.BatchObservabilityBeanPostProcessor(postProcessAfterInitialization:62) - No Micrometer observation registry found, defaulting to ObservationRegistry.NOOP
2024-01-16 17:48:27,979 [main] INFO  org.springframework.batch.core.launch.support.SimpleJobLauncher(afterPropertiesSet:232) - No TaskExecutor has been set, defaulting to synchronous executor.
2024-01-16 17:48:28,167 [main] WARN  org.springframework.boot.autoconfigure.orm.jpa.JpaBaseConfiguration$JpaWebConfiguration(openEntityManagerInViewInterceptor:232) - spring.jpa.open-in-view is enabled by default. Therefore, database queries may be performed during view rendering. Explicitly configure spring.jpa.open-in-view to disable this warning
2024-01-16 17:48:28,521 [main] WARN  org.springframework.boot.autoconfigure.thymeleaf.ThymeleafAutoConfiguration$DefaultTemplateResolverConfiguration(checkTemplateLocationExists:101) - Cannot find template location: classpath:/templates/ (please add some templates, check your Thymeleaf configuration, or set spring.thymeleaf.check-template-location=false)
2024-01-16 17:48:28,966 [main] INFO  org.springframework.boot.autoconfigure.h2.H2ConsoleAutoConfiguration(logDataSources:88) - H2 console available at '/h2-console'. Database available at 'jdbc:h2:~/dev'
2024-01-16 17:48:29,053 [main] INFO  org.springframework.scheduling.quartz.SchedulerFactoryBean(startScheduler:729) - Starting Quartz Scheduler now
2024-01-16 17:48:29,657 [main] INFO  org.springframework.batch.core.launch.support.SimpleJobLauncher(run:154) - Job: [SimpleJob: [name=WeeklyStatSmsSendJob]] launched with the following parameters: [{'reSendYn':'{value=N, type=class java.lang.String, identifying=true}','yyyyMmW':'{value=2024012, type=class java.lang.String, identifying=true}'}]
2024-01-16 17:48:29,787 [main] ERROR org.springframework.batch.core.job.AbstractJob(execute:351) - Encountered fatal error executing job
org.springframework.beans.factory.UnsatisfiedDependencyException: Error creating bean with name 'scopedTarget.step01_WeeklyStatSmsSendJob' defined in class path resource [com/fekim/workweout/batch/job/WeeklyStatSmsSendJob.class]: Unsatisfied dependency expressed through method 'step01_WeeklyStatSmsSendJob' parameter 2: Failed to convert value of type 'java.util.Collections$UnmodifiableMap' to required type 'org.springframework.batch.core.JobParameters'; Cannot convert value of type 'java.util.Collections$UnmodifiableMap' to required type 'org.springframework.batch.core.JobParameters': no matching editors or conversion strategy found
	at org.springframework.beans.factory.support.ConstructorResolver.createArgumentArray(ConstructorResolver.java:802) ~[spring-beans-6.1.2.jar:6.1.2]
	at org.springframework.beans.factory.support.ConstructorResolver.instantiateUsingFactoryMethod(ConstructorResolver.java:546) ~[spring-beans-6.1.2.jar:6.1.2]
	at org.springframework.beans.factory.support.AbstractAutowireCapableBeanFactory.instantiateUsingFactoryMethod(AbstractAutowireCapableBeanFactory.java:1334) ~[spring-beans-6.1.2.jar:6.1.2]
	at org.springframework.beans.factory.support.AbstractAutowireCapableBeanFactory.createBeanInstance(AbstractAutowireCapableBeanFactory.java:1164) ~[spring-beans-6.1.2.jar:6.1.2]
	at org.springframework.beans.factory.support.AbstractAutowireCapableBeanFactory.doCreateBean(AbstractAutowireCapableBeanFactory.java:561) ~[spring-beans-6.1.2.jar:6.1.2]
	at org.springframework.beans.factory.support.AbstractAutowireCapableBeanFactory.createBean(AbstractAutowireCapableBeanFactory.java:521) ~[spring-beans-6.1.2.jar:6.1.2]
	at org.springframework.beans.factory.support.AbstractBeanFactory.lambda$doGetBean$1(AbstractBeanFactory.java:364) ~[spring-beans-6.1.2.jar:6.1.2]
	at org.springframework.batch.core.scope.JobScope.get(JobScope.java:105) ~[spring-batch-core-5.1.0.jar:5.1.0]
	at org.springframework.beans.factory.support.AbstractBeanFactory.doGetBean(AbstractBeanFactory.java:361) ~[spring-beans-6.1.2.jar:6.1.2]
	at org.springframework.beans.factory.support.AbstractBeanFactory.getBean(AbstractBeanFactory.java:199) ~[spring-beans-6.1.2.jar:6.1.2]
	at org.springframework.aop.target.SimpleBeanTargetSource.getTarget(SimpleBeanTargetSource.java:35) ~[spring-aop-6.1.2.jar:6.1.2]
	at org.springframework.aop.framework.JdkDynamicAopProxy.invoke(JdkDynamicAopProxy.java:229) ~[spring-aop-6.1.2.jar:6.1.2]
	at jdk.proxy2/jdk.proxy2.$Proxy141.getName(Unknown Source) ~[?:?]
	at org.springframework.batch.core.job.SimpleStepHandler.handleStep(SimpleStepHandler.java:115) ~[spring-batch-core-5.1.0.jar:5.1.0]
	at org.springframework.batch.core.job.AbstractJob.handleStep(AbstractJob.java:418) ~[spring-batch-core-5.1.0.jar:5.1.0]
	at org.springframework.batch.core.job.SimpleJob.doExecute(SimpleJob.java:132) ~[spring-batch-core-5.1.0.jar:5.1.0]
	at org.springframework.batch.core.job.AbstractJob.execute(AbstractJob.java:317) ~[spring-batch-core-5.1.0.jar:5.1.0]
	at org.springframework.batch.core.launch.support.SimpleJobLauncher$1.run(SimpleJobLauncher.java:157) ~[spring-batch-core-5.1.0.jar:5.1.0]
	at org.springframework.core.task.SyncTaskExecutor.execute(SyncTaskExecutor.java:50) ~[spring-core-6.1.2.jar:6.1.2]
	at org.springframework.batch.core.launch.support.SimpleJobLauncher.run(SimpleJobLauncher.java:148) ~[spring-batch-core-5.1.0.jar:5.1.0]
	at org.springframework.batch.core.launch.support.TaskExecutorJobLauncher.run(TaskExecutorJobLauncher.java:59) ~[spring-batch-core-5.1.0.jar:5.1.0]
	at com.fekim.workweout.batch.JobTest.WeeklyStatSmsDendJobTest(JobTest.java:31) ~[test/:?]
	at java.base/jdk.internal.reflect.NativeMethodAccessorImpl.invoke0(Native Method) ~[?:?]
	at java.base/jdk.internal.reflect.NativeMethodAccessorImpl.invoke(NativeMethodAccessorImpl.java:77) ~[?:?]
	at java.base/jdk.internal.reflect.DelegatingMethodAccessorImpl.invoke(DelegatingMethodAccessorImpl.java:43) ~[?:?]
	at java.base/java.lang.reflect.Method.invoke(Method.java:568) ~[?:?]
	at org.junit.platform.commons.util.ReflectionUtils.invokeMethod(ReflectionUtils.java:728) ~[junit-platform-commons-1.10.1.jar:1.10.1]
	at org.junit.jupiter.engine.execution.MethodInvocation.proceed(MethodInvocation.java:60) ~[junit-jupiter-engine-5.10.1.jar:5.10.1]
	at org.junit.jupiter.engine.execution.InvocationInterceptorChain$ValidatingInvocation.proceed(InvocationInterceptorChain.java:131) ~[junit-jupiter-engine-5.10.1.jar:5.10.1]
	at org.junit.jupiter.engine.extension.TimeoutExtension.intercept(TimeoutExtension.java:156) ~[junit-jupiter-engine-5.10.1.jar:5.10.1]
	at org.junit.jupiter.engine.extension.TimeoutExtension.interceptTestableMethod(TimeoutExtension.java:147) ~[junit-jupiter-engine-5.10.1.jar:5.10.1]
	at org.junit.jupiter.engine.extension.TimeoutExtension.interceptTestMethod(TimeoutExtension.java:86) ~[junit-jupiter-engine-5.10.1.jar:5.10.1]
	at org.junit.jupiter.engine.execution.InterceptingExecutableInvoker$ReflectiveInterceptorCall.lambda$ofVoidMethod$0(InterceptingExecutableInvoker.java:103) ~[junit-jupiter-engine-5.10.1.jar:5.10.1]
	at org.junit.jupiter.engine.execution.InterceptingExecutableInvoker.lambda$invoke$0(InterceptingExecutableInvoker.java:93) ~[junit-jupiter-engine-5.10.1.jar:5.10.1]
	at org.junit.jupiter.engine.execution.InvocationInterceptorChain$InterceptedInvocation.proceed(InvocationInterceptorChain.java:106) ~[junit-jupiter-engine-5.10.1.jar:5.10.1]
	at org.junit.jupiter.engine.execution.InvocationInterceptorChain.proceed(InvocationInterceptorChain.java:64) ~[junit-jupiter-engine-5.10.1.jar:5.10.1]
	at org.junit.jupiter.engine.execution.InvocationInterceptorChain.chainAndInvoke(InvocationInterceptorChain.java:45) ~[junit-jupiter-engine-5.10.1.jar:5.10.1]
	at org.junit.jupiter.engine.execution.InvocationInterceptorChain.invoke(InvocationInterceptorChain.java:37) ~[junit-jupiter-engine-5.10.1.jar:5.10.1]
	at org.junit.jupiter.engine.execution.InterceptingExecutableInvoker.invoke(InterceptingExecutableInvoker.java:92) ~[junit-jupiter-engine-5.10.1.jar:5.10.1]
	at org.junit.jupiter.engine.execution.InterceptingExecutableInvoker.invoke(InterceptingExecutableInvoker.java:86) ~[junit-jupiter-engine-5.10.1.jar:5.10.1]
	at org.junit.jupiter.engine.descriptor.TestMethodTestDescriptor.lambda$invokeTestMethod$7(TestMethodTestDescriptor.java:218) ~[junit-jupiter-engine-5.10.1.jar:5.10.1]
	at org.junit.platform.engine.support.hierarchical.ThrowableCollector.execute(ThrowableCollector.java:73) ~[junit-platform-engine-1.10.1.jar:1.10.1]
	at org.junit.jupiter.engine.descriptor.TestMethodTestDescriptor.invokeTestMethod(TestMethodTestDescriptor.java:214) ~[junit-jupiter-engine-5.10.1.jar:5.10.1]
	at org.junit.jupiter.engine.descriptor.TestMethodTestDescriptor.execute(TestMethodTestDescriptor.java:139) ~[junit-jupiter-engine-5.10.1.jar:5.10.1]
	at org.junit.jupiter.engine.descriptor.TestMethodTestDescriptor.execute(TestMethodTestDescriptor.java:69) ~[junit-jupiter-engine-5.10.1.jar:5.10.1]
	at org.junit.platform.engine.support.hierarchical.NodeTestTask.lambda$executeRecursively$6(NodeTestTask.java:151) ~[junit-platform-engine-1.10.1.jar:1.10.1]
	at org.junit.platform.engine.support.hierarchical.ThrowableCollector.execute(ThrowableCollector.java:73) ~[junit-platform-engine-1.10.1.jar:1.10.1]
	at org.junit.platform.engine.support.hierarchical.NodeTestTask.lambda$executeRecursively$8(NodeTestTask.java:141) ~[junit-platform-engine-1.10.1.jar:1.10.1]
	at org.junit.platform.engine.support.hierarchical.Node.around(Node.java:137) ~[junit-platform-engine-1.10.1.jar:1.10.1]
	at org.junit.platform.engine.support.hierarchical.NodeTestTask.lambda$executeRecursively$9(NodeTestTask.java:139) ~[junit-platform-engine-1.10.1.jar:1.10.1]
	at org.junit.platform.engine.support.hierarchical.ThrowableCollector.execute(ThrowableCollector.java:73) ~[junit-platform-engine-1.10.1.jar:1.10.1]
	at org.junit.platform.engine.support.hierarchical.NodeTestTask.executeRecursively(NodeTestTask.java:138) ~[junit-platform-engine-1.10.1.jar:1.10.1]
	at org.junit.platform.engine.support.hierarchical.NodeTestTask.execute(NodeTestTask.java:95) ~[junit-platform-engine-1.10.1.jar:1.10.1]
	at java.base/java.util.ArrayList.forEach(ArrayList.java:1511) ~[?:?]
	at org.junit.platform.engine.support.hierarchical.SameThreadHierarchicalTestExecutorService.invokeAll(SameThreadHierarchicalTestExecutorService.java:41) ~[junit-platform-engine-1.10.1.jar:1.10.1]
	at org.junit.platform.engine.support.hierarchical.NodeTestTask.lambda$executeRecursively$6(NodeTestTask.java:155) ~[junit-platform-engine-1.10.1.jar:1.10.1]
	at org.junit.platform.engine.support.hierarchical.ThrowableCollector.execute(ThrowableCollector.java:73) ~[junit-platform-engine-1.10.1.jar:1.10.1]
	at org.junit.platform.engine.support.hierarchical.NodeTestTask.lambda$executeRecursively$8(NodeTestTask.java:141) ~[junit-platform-engine-1.10.1.jar:1.10.1]
	at org.junit.platform.engine.support.hierarchical.Node.around(Node.java:137) ~[junit-platform-engine-1.10.1.jar:1.10.1]
	at org.junit.platform.engine.support.hierarchical.NodeTestTask.lambda$executeRecursively$9(NodeTestTask.java:139) ~[junit-platform-engine-1.10.1.jar:1.10.1]
	at org.junit.platform.engine.support.hierarchical.ThrowableCollector.execute(ThrowableCollector.java:73) ~[junit-platform-engine-1.10.1.jar:1.10.1]
	at org.junit.platform.engine.support.hierarchical.NodeTestTask.executeRecursively(NodeTestTask.java:138) ~[junit-platform-engine-1.10.1.jar:1.10.1]
	at org.junit.platform.engine.support.hierarchical.NodeTestTask.execute(NodeTestTask.java:95) ~[junit-platform-engine-1.10.1.jar:1.10.1]
	at java.base/java.util.ArrayList.forEach(ArrayList.java:1511) ~[?:?]
	at org.junit.platform.engine.support.hierarchical.SameThreadHierarchicalTestExecutorService.invokeAll(SameThreadHierarchicalTestExecutorService.java:41) ~[junit-platform-engine-1.10.1.jar:1.10.1]
	at org.junit.platform.engine.support.hierarchical.NodeTestTask.lambda$executeRecursively$6(NodeTestTask.java:155) ~[junit-platform-engine-1.10.1.jar:1.10.1]
	at org.junit.platform.engine.support.hierarchical.ThrowableCollector.execute(ThrowableCollector.java:73) ~[junit-platform-engine-1.10.1.jar:1.10.1]
	at org.junit.platform.engine.support.hierarchical.NodeTestTask.lambda$executeRecursively$8(NodeTestTask.java:141) ~[junit-platform-engine-1.10.1.jar:1.10.1]
	at org.junit.platform.engine.support.hierarchical.Node.around(Node.java:137) ~[junit-platform-engine-1.10.1.jar:1.10.1]
	at org.junit.platform.engine.support.hierarchical.NodeTestTask.lambda$executeRecursively$9(NodeTestTask.java:139) ~[junit-platform-engine-1.10.1.jar:1.10.1]
	at org.junit.platform.engine.support.hierarchical.ThrowableCollector.execute(ThrowableCollector.java:73) ~[junit-platform-engine-1.10.1.jar:1.10.1]
	at org.junit.platform.engine.support.hierarchical.NodeTestTask.executeRecursively(NodeTestTask.java:138) ~[junit-platform-engine-1.10.1.jar:1.10.1]
	at org.junit.platform.engine.support.hierarchical.NodeTestTask.execute(NodeTestTask.java:95) ~[junit-platform-engine-1.10.1.jar:1.10.1]
	at org.junit.platform.engine.support.hierarchical.SameThreadHierarchicalTestExecutorService.submit(SameThreadHierarchicalTestExecutorService.java:35) ~[junit-platform-engine-1.10.1.jar:1.10.1]
	at org.junit.platform.engine.support.hierarchical.HierarchicalTestExecutor.execute(HierarchicalTestExecutor.java:57) ~[junit-platform-engine-1.10.1.jar:1.10.1]
	at org.junit.platform.engine.support.hierarchical.HierarchicalTestEngine.execute(HierarchicalTestEngine.java:54) ~[junit-platform-engine-1.10.1.jar:1.10.1]
	at org.junit.platform.launcher.core.EngineExecutionOrchestrator.execute(EngineExecutionOrchestrator.java:198) ~[junit-platform-launcher-1.10.1.jar:1.10.1]
	at org.junit.platform.launcher.core.EngineExecutionOrchestrator.execute(EngineExecutionOrchestrator.java:169) ~[junit-platform-launcher-1.10.1.jar:1.10.1]
	at org.junit.platform.launcher.core.EngineExecutionOrchestrator.execute(EngineExecutionOrchestrator.java:93) ~[junit-platform-launcher-1.10.1.jar:1.10.1]
	at org.junit.platform.launcher.core.EngineExecutionOrchestrator.lambda$execute$0(EngineExecutionOrchestrator.java:58) ~[junit-platform-launcher-1.10.1.jar:1.10.1]
	at org.junit.platform.launcher.core.EngineExecutionOrchestrator.withInterceptedStreams(EngineExecutionOrchestrator.java:141) [junit-platform-launcher-1.10.1.jar:1.10.1]
	at org.junit.platform.launcher.core.EngineExecutionOrchestrator.execute(EngineExecutionOrchestrator.java:57) [junit-platform-launcher-1.10.1.jar:1.10.1]
	at org.junit.platform.launcher.core.DefaultLauncher.execute(DefaultLauncher.java:103) [junit-platform-launcher-1.10.1.jar:1.10.1]
	at org.junit.platform.launcher.core.DefaultLauncher.execute(DefaultLauncher.java:85) [junit-platform-launcher-1.10.1.jar:1.10.1]
	at org.junit.platform.launcher.core.DelegatingLauncher.execute(DelegatingLauncher.java:47) [junit-platform-launcher-1.10.1.jar:1.10.1]
	at org.junit.platform.launcher.core.SessionPerRequestLauncher.execute(SessionPerRequestLauncher.java:63) [junit-platform-launcher-1.10.1.jar:1.10.1]
	at com.intellij.junit5.JUnit5IdeaTestRunner.startRunnerWithArgs(JUnit5IdeaTestRunner.java:57) [junit5-rt.jar:?]
	at com.intellij.rt.junit.IdeaTestRunner$Repeater$1.execute(IdeaTestRunner.java:38) [junit-rt.jar:?]
	at com.intellij.rt.execution.junit.TestsRepeater.repeat(TestsRepeater.java:11) [idea_rt.jar:?]
	at com.intellij.rt.junit.IdeaTestRunner$Repeater.startRunnerWithArgs(IdeaTestRunner.java:35) [junit-rt.jar:?]
	at com.intellij.rt.junit.JUnitStarter.prepareStreamsAndStart(JUnitStarter.java:235) [junit-rt.jar:?]
	at com.intellij.rt.junit.JUnitStarter.main(JUnitStarter.java:54) [junit-rt.jar:?]
Caused by: org.springframework.beans.ConversionNotSupportedException: Failed to convert value of type 'java.util.Collections$UnmodifiableMap' to required type 'org.springframework.batch.core.JobParameters'; Cannot convert value of type 'java.util.Collections$UnmodifiableMap' to required type 'org.springframework.batch.core.JobParameters': no matching editors or conversion strategy found
	at org.springframework.beans.TypeConverterSupport.convertIfNecessary(TypeConverterSupport.java:84) ~[spring-beans-6.1.2.jar:6.1.2]
	at org.springframework.beans.TypeConverterSupport.convertIfNecessary(TypeConverterSupport.java:71) ~[spring-beans-6.1.2.jar:6.1.2]
	at org.springframework.beans.factory.support.DefaultListableBeanFactory.doResolveDependency(DefaultListableBeanFactory.java:1381) ~[spring-beans-6.1.2.jar:6.1.2]
	at org.springframework.beans.factory.support.DefaultListableBeanFactory.resolveDependency(DefaultListableBeanFactory.java:1353) ~[spring-beans-6.1.2.jar:6.1.2]
	at org.springframework.beans.factory.support.ConstructorResolver.resolveAutowiredArgument(ConstructorResolver.java:911) ~[spring-beans-6.1.2.jar:6.1.2]
	at org.springframework.beans.factory.support.ConstructorResolver.createArgumentArray(ConstructorResolver.java:789) ~[spring-beans-6.1.2.jar:6.1.2]
	... 91 more
Caused by: java.lang.IllegalStateException: Cannot convert value of type 'java.util.Collections$UnmodifiableMap' to required type 'org.springframework.batch.core.JobParameters': no matching editors or conversion strategy found
	at org.springframework.beans.TypeConverterDelegate.convertIfNecessary(TypeConverterDelegate.java:273) ~[spring-beans-6.1.2.jar:6.1.2]
	at org.springframework.beans.TypeConverterSupport.convertIfNecessary(TypeConverterSupport.java:80) ~[spring-beans-6.1.2.jar:6.1.2]
	at org.springframework.beans.TypeConverterSupport.convertIfNecessary(TypeConverterSupport.java:71) ~[spring-beans-6.1.2.jar:6.1.2]
	at org.springframework.beans.factory.support.DefaultListableBeanFactory.doResolveDependency(DefaultListableBeanFactory.java:1381) ~[spring-beans-6.1.2.jar:6.1.2]
	at org.springframework.beans.factory.support.DefaultListableBeanFactory.resolveDependency(DefaultListableBeanFactory.java:1353) ~[spring-beans-6.1.2.jar:6.1.2]
	at org.springframework.beans.factory.support.ConstructorResolver.resolveAutowiredArgument(ConstructorResolver.java:911) ~[spring-beans-6.1.2.jar:6.1.2]
	at org.springframework.beans.factory.support.ConstructorResolver.createArgumentArray(ConstructorResolver.java:789) ~[spring-beans-6.1.2.jar:6.1.2]
	... 91 more
2024-01-16 17:48:29,834 [main] INFO  org.springframework.batch.core.launch.support.SimpleJobLauncher(run:161) - Job: [SimpleJob: [name=WeeklyStatSmsSendJob]] completed with the following parameters: [{'reSendYn':'{value=N, type=class java.lang.String, identifying=true}','yyyyMmW':'{value=2024012, type=class java.lang.String, identifying=true}'}] and the following status: [FAILED] in 122ms
2024-01-16 17:48:29,854 [SpringApplicationShutdownHook] INFO  org.springframework.scheduling.quartz.SchedulerFactoryBean(destroy:847) - Shutting down Quartz Scheduler
2024-01-16 17:48:29,856 [SpringApplicationShutdownHook] INFO  org.springframework.orm.jpa.LocalContainerEntityManagerFactoryBean(destroy:650) - Closing JPA EntityManagerFactory for persistence unit 'default'
2024-01-16 17:49:56,440 [main] INFO  org.springframework.test.context.support.AnnotationConfigContextLoaderUtils(detectDefaultConfigurationClasses:83) - Could not detect default configuration classes for test class [com.fekim.workweout.batch.JobTest]: JobTest does not declare any static, non-private, non-final, nested classes annotated with @Configuration.
2024-01-16 17:49:56,561 [main] INFO  org.springframework.boot.test.context.SpringBootTestContextBootstrapper(getOrFindConfigurationClasses:234) - Found @SpringBootConfiguration com.fekim.workweout.WorkWeOutApplication for test class com.fekim.workweout.batch.JobTest
2024-01-16 17:49:57,733 [main] INFO  org.springframework.batch.core.configuration.annotation.BatchRegistrar(registerBeanDefinitions:70) - Finished Spring Batch infrastructure beans configuration in 5 ms.
2024-01-16 17:49:58,017 [main] INFO  org.springframework.data.repository.config.RepositoryConfigurationDelegate(registerRepositoriesIn:139) - Bootstrapping Spring Data JPA repositories in DEFAULT mode.
2024-01-16 17:49:58,138 [main] INFO  org.springframework.data.repository.config.RepositoryConfigurationDelegate(registerRepositoriesIn:208) - Finished Spring Data repository scanning in 112 ms. Found 12 JPA repository interfaces.
2024-01-16 17:49:58,531 [main] WARN  org.springframework.context.support.PostProcessorRegistrationDelegate$BeanPostProcessorChecker(postProcessAfterInitialization:437) - Bean 'jobRegistry' of type [org.springframework.batch.core.configuration.support.MapJobRegistry] is not eligible for getting processed by all BeanPostProcessors (for example: not eligible for auto-proxying). Is this bean getting eagerly injected into a currently created BeanPostProcessor [jobRegistryBeanPostProcessor]? Check the corresponding BeanPostProcessor declaration and its dependencies.
2024-01-16 17:49:59,231 [main] INFO  org.springframework.orm.jpa.persistenceunit.SpringPersistenceUnitInfo(addTransformer:87) - No LoadTimeWeaver setup: ignoring JPA class transformer
2024-01-16 17:50:00,803 [main] INFO  org.springframework.orm.jpa.LocalContainerEntityManagerFactoryBean(buildNativeEntityManagerFactory:437) - Initialized JPA EntityManagerFactory for persistence unit 'default'
2024-01-16 17:50:01,146 [main] INFO  org.springframework.data.jpa.repository.query.QueryEnhancerFactory(<clinit>:49) - Hibernate is in classpath; If applicable, HQL parser will be used.
2024-01-16 17:50:01,725 [main] INFO  org.springframework.batch.core.repository.support.JobRepositoryFactoryBean(afterPropertiesSet:274) - No database type set, using meta data indicating: H2
2024-01-16 17:50:01,780 [main] INFO  org.springframework.batch.core.configuration.annotation.BatchObservabilityBeanPostProcessor(postProcessAfterInitialization:62) - No Micrometer observation registry found, defaulting to ObservationRegistry.NOOP
2024-01-16 17:50:01,811 [main] INFO  org.springframework.batch.core.launch.support.SimpleJobLauncher(afterPropertiesSet:232) - No TaskExecutor has been set, defaulting to synchronous executor.
2024-01-16 17:50:01,981 [main] WARN  org.springframework.boot.autoconfigure.orm.jpa.JpaBaseConfiguration$JpaWebConfiguration(openEntityManagerInViewInterceptor:232) - spring.jpa.open-in-view is enabled by default. Therefore, database queries may be performed during view rendering. Explicitly configure spring.jpa.open-in-view to disable this warning
2024-01-16 17:50:02,344 [main] WARN  org.springframework.boot.autoconfigure.thymeleaf.ThymeleafAutoConfiguration$DefaultTemplateResolverConfiguration(checkTemplateLocationExists:101) - Cannot find template location: classpath:/templates/ (please add some templates, check your Thymeleaf configuration, or set spring.thymeleaf.check-template-location=false)
2024-01-16 17:50:02,862 [main] INFO  org.springframework.boot.autoconfigure.h2.H2ConsoleAutoConfiguration(logDataSources:88) - H2 console available at '/h2-console'. Database available at 'jdbc:h2:~/dev'
2024-01-16 17:50:02,968 [main] INFO  org.springframework.scheduling.quartz.SchedulerFactoryBean(startScheduler:729) - Starting Quartz Scheduler now
2024-01-16 17:50:03,695 [main] INFO  org.springframework.batch.core.launch.support.SimpleJobLauncher(run:154) - Job: [SimpleJob: [name=WeeklyStatSmsSendJob]] launched with the following parameters: [{'reSendYn':'{value=N, type=class java.lang.String, identifying=true}','yyyyMmW':'{value=2024012, type=class java.lang.String, identifying=true}'}]
2024-01-16 17:50:03,797 [main] ERROR org.springframework.batch.core.job.AbstractJob(execute:351) - Encountered fatal error executing job
java.security.InvalidParameterException: null
	at com.fekim.workweout.batch.job.WeeklyStatSmsSendJob$1.beforeJob(WeeklyStatSmsSendJob.java:184) ~[main/:?]
	at java.base/jdk.internal.reflect.NativeMethodAccessorImpl.invoke0(Native Method) ~[?:?]
	at java.base/jdk.internal.reflect.NativeMethodAccessorImpl.invoke(NativeMethodAccessorImpl.java:77) ~[?:?]
	at java.base/jdk.internal.reflect.DelegatingMethodAccessorImpl.invoke(DelegatingMethodAccessorImpl.java:43) ~[?:?]
	at java.base/java.lang.reflect.Method.invoke(Method.java:568) ~[?:?]
	at org.springframework.aop.support.AopUtils.invokeJoinpointUsingReflection(AopUtils.java:352) ~[spring-aop-6.1.2.jar:6.1.2]
	at org.springframework.aop.framework.CglibAopProxy$DynamicAdvisedInterceptor.intercept(CglibAopProxy.java:713) ~[spring-aop-6.1.2.jar:6.1.2]
	at com.fekim.workweout.batch.job.WeeklyStatSmsSendJob$1$$SpringCGLIB$$0.beforeJob(<generated>) ~[main/:?]
	at java.base/jdk.internal.reflect.NativeMethodAccessorImpl.invoke0(Native Method) ~[?:?]
	at java.base/jdk.internal.reflect.NativeMethodAccessorImpl.invoke(NativeMethodAccessorImpl.java:77) ~[?:?]
	at java.base/jdk.internal.reflect.DelegatingMethodAccessorImpl.invoke(DelegatingMethodAccessorImpl.java:43) ~[?:?]
	at java.base/java.lang.reflect.Method.invoke(Method.java:568) ~[?:?]
	at org.springframework.aop.support.AopUtils.invokeJoinpointUsingReflection(AopUtils.java:352) ~[spring-aop-6.1.2.jar:6.1.2]
	at org.springframework.aop.framework.ReflectiveMethodInvocation.invokeJoinpoint(ReflectiveMethodInvocation.java:196) ~[spring-aop-6.1.2.jar:6.1.2]
	at org.springframework.aop.framework.ReflectiveMethodInvocation.proceed(ReflectiveMethodInvocation.java:163) ~[spring-aop-6.1.2.jar:6.1.2]
	at org.springframework.aop.support.DelegatingIntroductionInterceptor.doProceed(DelegatingIntroductionInterceptor.java:137) ~[spring-aop-6.1.2.jar:6.1.2]
	at org.springframework.aop.support.DelegatingIntroductionInterceptor.invoke(DelegatingIntroductionInterceptor.java:124) ~[spring-aop-6.1.2.jar:6.1.2]
	at org.springframework.aop.framework.ReflectiveMethodInvocation.proceed(ReflectiveMethodInvocation.java:184) ~[spring-aop-6.1.2.jar:6.1.2]
	at org.springframework.aop.framework.JdkDynamicAopProxy.invoke(JdkDynamicAopProxy.java:249) ~[spring-aop-6.1.2.jar:6.1.2]
	at jdk.proxy2/jdk.proxy2.$Proxy142.beforeJob(Unknown Source) ~[?:?]
	at org.springframework.batch.core.listener.CompositeJobExecutionListener.beforeJob(CompositeJobExecutionListener.java:73) ~[spring-batch-core-5.1.0.jar:5.1.0]
	at org.springframework.batch.core.job.AbstractJob.execute(AbstractJob.java:314) ~[spring-batch-core-5.1.0.jar:5.1.0]
	at org.springframework.batch.core.launch.support.SimpleJobLauncher$1.run(SimpleJobLauncher.java:157) ~[spring-batch-core-5.1.0.jar:5.1.0]
	at org.springframework.core.task.SyncTaskExecutor.execute(SyncTaskExecutor.java:50) ~[spring-core-6.1.2.jar:6.1.2]
	at org.springframework.batch.core.launch.support.SimpleJobLauncher.run(SimpleJobLauncher.java:148) ~[spring-batch-core-5.1.0.jar:5.1.0]
	at org.springframework.batch.core.launch.support.TaskExecutorJobLauncher.run(TaskExecutorJobLauncher.java:59) ~[spring-batch-core-5.1.0.jar:5.1.0]
	at com.fekim.workweout.batch.JobTest.WeeklyStatSmsDendJobTest(JobTest.java:31) ~[test/:?]
	at java.base/jdk.internal.reflect.NativeMethodAccessorImpl.invoke0(Native Method) ~[?:?]
	at java.base/jdk.internal.reflect.NativeMethodAccessorImpl.invoke(NativeMethodAccessorImpl.java:77) ~[?:?]
	at java.base/jdk.internal.reflect.DelegatingMethodAccessorImpl.invoke(DelegatingMethodAccessorImpl.java:43) ~[?:?]
	at java.base/java.lang.reflect.Method.invoke(Method.java:568) ~[?:?]
	at org.junit.platform.commons.util.ReflectionUtils.invokeMethod(ReflectionUtils.java:728) ~[junit-platform-commons-1.10.1.jar:1.10.1]
	at org.junit.jupiter.engine.execution.MethodInvocation.proceed(MethodInvocation.java:60) ~[junit-jupiter-engine-5.10.1.jar:5.10.1]
	at org.junit.jupiter.engine.execution.InvocationInterceptorChain$ValidatingInvocation.proceed(InvocationInterceptorChain.java:131) ~[junit-jupiter-engine-5.10.1.jar:5.10.1]
	at org.junit.jupiter.engine.extension.TimeoutExtension.intercept(TimeoutExtension.java:156) ~[junit-jupiter-engine-5.10.1.jar:5.10.1]
	at org.junit.jupiter.engine.extension.TimeoutExtension.interceptTestableMethod(TimeoutExtension.java:147) ~[junit-jupiter-engine-5.10.1.jar:5.10.1]
	at org.junit.jupiter.engine.extension.TimeoutExtension.interceptTestMethod(TimeoutExtension.java:86) ~[junit-jupiter-engine-5.10.1.jar:5.10.1]
	at org.junit.jupiter.engine.execution.InterceptingExecutableInvoker$ReflectiveInterceptorCall.lambda$ofVoidMethod$0(InterceptingExecutableInvoker.java:103) ~[junit-jupiter-engine-5.10.1.jar:5.10.1]
	at org.junit.jupiter.engine.execution.InterceptingExecutableInvoker.lambda$invoke$0(InterceptingExecutableInvoker.java:93) ~[junit-jupiter-engine-5.10.1.jar:5.10.1]
	at org.junit.jupiter.engine.execution.InvocationInterceptorChain$InterceptedInvocation.proceed(InvocationInterceptorChain.java:106) ~[junit-jupiter-engine-5.10.1.jar:5.10.1]
	at org.junit.jupiter.engine.execution.InvocationInterceptorChain.proceed(InvocationInterceptorChain.java:64) ~[junit-jupiter-engine-5.10.1.jar:5.10.1]
	at org.junit.jupiter.engine.execution.InvocationInterceptorChain.chainAndInvoke(InvocationInterceptorChain.java:45) ~[junit-jupiter-engine-5.10.1.jar:5.10.1]
	at org.junit.jupiter.engine.execution.InvocationInterceptorChain.invoke(InvocationInterceptorChain.java:37) ~[junit-jupiter-engine-5.10.1.jar:5.10.1]
	at org.junit.jupiter.engine.execution.InterceptingExecutableInvoker.invoke(InterceptingExecutableInvoker.java:92) ~[junit-jupiter-engine-5.10.1.jar:5.10.1]
	at org.junit.jupiter.engine.execution.InterceptingExecutableInvoker.invoke(InterceptingExecutableInvoker.java:86) ~[junit-jupiter-engine-5.10.1.jar:5.10.1]
	at org.junit.jupiter.engine.descriptor.TestMethodTestDescriptor.lambda$invokeTestMethod$7(TestMethodTestDescriptor.java:218) ~[junit-jupiter-engine-5.10.1.jar:5.10.1]
	at org.junit.platform.engine.support.hierarchical.ThrowableCollector.execute(ThrowableCollector.java:73) ~[junit-platform-engine-1.10.1.jar:1.10.1]
	at org.junit.jupiter.engine.descriptor.TestMethodTestDescriptor.invokeTestMethod(TestMethodTestDescriptor.java:214) ~[junit-jupiter-engine-5.10.1.jar:5.10.1]
	at org.junit.jupiter.engine.descriptor.TestMethodTestDescriptor.execute(TestMethodTestDescriptor.java:139) ~[junit-jupiter-engine-5.10.1.jar:5.10.1]
	at org.junit.jupiter.engine.descriptor.TestMethodTestDescriptor.execute(TestMethodTestDescriptor.java:69) ~[junit-jupiter-engine-5.10.1.jar:5.10.1]
	at org.junit.platform.engine.support.hierarchical.NodeTestTask.lambda$executeRecursively$6(NodeTestTask.java:151) ~[junit-platform-engine-1.10.1.jar:1.10.1]
	at org.junit.platform.engine.support.hierarchical.ThrowableCollector.execute(ThrowableCollector.java:73) ~[junit-platform-engine-1.10.1.jar:1.10.1]
	at org.junit.platform.engine.support.hierarchical.NodeTestTask.lambda$executeRecursively$8(NodeTestTask.java:141) ~[junit-platform-engine-1.10.1.jar:1.10.1]
	at org.junit.platform.engine.support.hierarchical.Node.around(Node.java:137) ~[junit-platform-engine-1.10.1.jar:1.10.1]
	at org.junit.platform.engine.support.hierarchical.NodeTestTask.lambda$executeRecursively$9(NodeTestTask.java:139) ~[junit-platform-engine-1.10.1.jar:1.10.1]
	at org.junit.platform.engine.support.hierarchical.ThrowableCollector.execute(ThrowableCollector.java:73) ~[junit-platform-engine-1.10.1.jar:1.10.1]
	at org.junit.platform.engine.support.hierarchical.NodeTestTask.executeRecursively(NodeTestTask.java:138) ~[junit-platform-engine-1.10.1.jar:1.10.1]
	at org.junit.platform.engine.support.hierarchical.NodeTestTask.execute(NodeTestTask.java:95) ~[junit-platform-engine-1.10.1.jar:1.10.1]
	at java.base/java.util.ArrayList.forEach(ArrayList.java:1511) ~[?:?]
	at org.junit.platform.engine.support.hierarchical.SameThreadHierarchicalTestExecutorService.invokeAll(SameThreadHierarchicalTestExecutorService.java:41) ~[junit-platform-engine-1.10.1.jar:1.10.1]
	at org.junit.platform.engine.support.hierarchical.NodeTestTask.lambda$executeRecursively$6(NodeTestTask.java:155) ~[junit-platform-engine-1.10.1.jar:1.10.1]
	at org.junit.platform.engine.support.hierarchical.ThrowableCollector.execute(ThrowableCollector.java:73) ~[junit-platform-engine-1.10.1.jar:1.10.1]
	at org.junit.platform.engine.support.hierarchical.NodeTestTask.lambda$executeRecursively$8(NodeTestTask.java:141) ~[junit-platform-engine-1.10.1.jar:1.10.1]
	at org.junit.platform.engine.support.hierarchical.Node.around(Node.java:137) ~[junit-platform-engine-1.10.1.jar:1.10.1]
	at org.junit.platform.engine.support.hierarchical.NodeTestTask.lambda$executeRecursively$9(NodeTestTask.java:139) ~[junit-platform-engine-1.10.1.jar:1.10.1]
	at org.junit.platform.engine.support.hierarchical.ThrowableCollector.execute(ThrowableCollector.java:73) ~[junit-platform-engine-1.10.1.jar:1.10.1]
	at org.junit.platform.engine.support.hierarchical.NodeTestTask.executeRecursively(NodeTestTask.java:138) ~[junit-platform-engine-1.10.1.jar:1.10.1]
	at org.junit.platform.engine.support.hierarchical.NodeTestTask.execute(NodeTestTask.java:95) ~[junit-platform-engine-1.10.1.jar:1.10.1]
	at java.base/java.util.ArrayList.forEach(ArrayList.java:1511) ~[?:?]
	at org.junit.platform.engine.support.hierarchical.SameThreadHierarchicalTestExecutorService.invokeAll(SameThreadHierarchicalTestExecutorService.java:41) ~[junit-platform-engine-1.10.1.jar:1.10.1]
	at org.junit.platform.engine.support.hierarchical.NodeTestTask.lambda$executeRecursively$6(NodeTestTask.java:155) ~[junit-platform-engine-1.10.1.jar:1.10.1]
	at org.junit.platform.engine.support.hierarchical.ThrowableCollector.execute(ThrowableCollector.java:73) ~[junit-platform-engine-1.10.1.jar:1.10.1]
	at org.junit.platform.engine.support.hierarchical.NodeTestTask.lambda$executeRecursively$8(NodeTestTask.java:141) ~[junit-platform-engine-1.10.1.jar:1.10.1]
	at org.junit.platform.engine.support.hierarchical.Node.around(Node.java:137) ~[junit-platform-engine-1.10.1.jar:1.10.1]
	at org.junit.platform.engine.support.hierarchical.NodeTestTask.lambda$executeRecursively$9(NodeTestTask.java:139) ~[junit-platform-engine-1.10.1.jar:1.10.1]
	at org.junit.platform.engine.support.hierarchical.ThrowableCollector.execute(ThrowableCollector.java:73) ~[junit-platform-engine-1.10.1.jar:1.10.1]
	at org.junit.platform.engine.support.hierarchical.NodeTestTask.executeRecursively(NodeTestTask.java:138) ~[junit-platform-engine-1.10.1.jar:1.10.1]
	at org.junit.platform.engine.support.hierarchical.NodeTestTask.execute(NodeTestTask.java:95) ~[junit-platform-engine-1.10.1.jar:1.10.1]
	at org.junit.platform.engine.support.hierarchical.SameThreadHierarchicalTestExecutorService.submit(SameThreadHierarchicalTestExecutorService.java:35) ~[junit-platform-engine-1.10.1.jar:1.10.1]
	at org.junit.platform.engine.support.hierarchical.HierarchicalTestExecutor.execute(HierarchicalTestExecutor.java:57) ~[junit-platform-engine-1.10.1.jar:1.10.1]
	at org.junit.platform.engine.support.hierarchical.HierarchicalTestEngine.execute(HierarchicalTestEngine.java:54) ~[junit-platform-engine-1.10.1.jar:1.10.1]
	at org.junit.platform.launcher.core.EngineExecutionOrchestrator.execute(EngineExecutionOrchestrator.java:198) ~[junit-platform-launcher-1.10.1.jar:1.10.1]
	at org.junit.platform.launcher.core.EngineExecutionOrchestrator.execute(EngineExecutionOrchestrator.java:169) ~[junit-platform-launcher-1.10.1.jar:1.10.1]
	at org.junit.platform.launcher.core.EngineExecutionOrchestrator.execute(EngineExecutionOrchestrator.java:93) ~[junit-platform-launcher-1.10.1.jar:1.10.1]
	at org.junit.platform.launcher.core.EngineExecutionOrchestrator.lambda$execute$0(EngineExecutionOrchestrator.java:58) ~[junit-platform-launcher-1.10.1.jar:1.10.1]
	at org.junit.platform.launcher.core.EngineExecutionOrchestrator.withInterceptedStreams(EngineExecutionOrchestrator.java:141) [junit-platform-launcher-1.10.1.jar:1.10.1]
	at org.junit.platform.launcher.core.EngineExecutionOrchestrator.execute(EngineExecutionOrchestrator.java:57) [junit-platform-launcher-1.10.1.jar:1.10.1]
	at org.junit.platform.launcher.core.DefaultLauncher.execute(DefaultLauncher.java:103) [junit-platform-launcher-1.10.1.jar:1.10.1]
	at org.junit.platform.launcher.core.DefaultLauncher.execute(DefaultLauncher.java:85) [junit-platform-launcher-1.10.1.jar:1.10.1]
	at org.junit.platform.launcher.core.DelegatingLauncher.execute(DelegatingLauncher.java:47) [junit-platform-launcher-1.10.1.jar:1.10.1]
	at org.junit.platform.launcher.core.SessionPerRequestLauncher.execute(SessionPerRequestLauncher.java:63) [junit-platform-launcher-1.10.1.jar:1.10.1]
	at com.intellij.junit5.JUnit5IdeaTestRunner.startRunnerWithArgs(JUnit5IdeaTestRunner.java:57) [junit5-rt.jar:?]
	at com.intellij.rt.junit.IdeaTestRunner$Repeater$1.execute(IdeaTestRunner.java:38) [junit-rt.jar:?]
	at com.intellij.rt.execution.junit.TestsRepeater.repeat(TestsRepeater.java:11) [idea_rt.jar:?]
	at com.intellij.rt.junit.IdeaTestRunner$Repeater.startRunnerWithArgs(IdeaTestRunner.java:35) [junit-rt.jar:?]
	at com.intellij.rt.junit.JUnitStarter.prepareStreamsAndStart(JUnitStarter.java:235) [junit-rt.jar:?]
	at com.intellij.rt.junit.JUnitStarter.main(JUnitStarter.java:54) [junit-rt.jar:?]
2024-01-16 17:50:03,821 [main] INFO  org.springframework.batch.core.launch.support.SimpleJobLauncher(run:161) - Job: [SimpleJob: [name=WeeklyStatSmsSendJob]] completed with the following parameters: [{'reSendYn':'{value=N, type=class java.lang.String, identifying=true}','yyyyMmW':'{value=2024012, type=class java.lang.String, identifying=true}'}] and the following status: [FAILED] in 94ms
2024-01-16 17:50:03,836 [SpringApplicationShutdownHook] INFO  org.springframework.scheduling.quartz.SchedulerFactoryBean(destroy:847) - Shutting down Quartz Scheduler
2024-01-16 17:50:03,838 [SpringApplicationShutdownHook] INFO  org.springframework.orm.jpa.LocalContainerEntityManagerFactoryBean(destroy:650) - Closing JPA EntityManagerFactory for persistence unit 'default'
2024-01-16 17:50:36,152 [restartedMain] INFO  org.springframework.boot.devtools.restart.ChangeableUrls(logTo:252) - The Class-Path manifest attribute in C:\Users\NB-22062902\.gradle\caches\modules-2\files-2.1\com.oracle.database.jdbc\ojdbc11\23.3.0.23.09\405bcbc8d8dab59f562125fa1d2b7e06d21649f3\ojdbc11-23.3.0.23.09.jar referenced one or more files that do not exist: file:/C:/Users/NB-22062902/.gradle/caches/modules-2/files-2.1/com.oracle.database.jdbc/ojdbc11/23.3.0.23.09/405bcbc8d8dab59f562125fa1d2b7e06d21649f3/oraclepki.jar
2024-01-16 17:50:36,154 [restartedMain] INFO  org.springframework.boot.devtools.env.DevToolsPropertyDefaultsPostProcessor(logTo:252) - Devtools property defaults active! Set 'spring.devtools.add-properties' to 'false' to disable
2024-01-16 17:50:36,154 [restartedMain] INFO  org.springframework.boot.devtools.env.DevToolsPropertyDefaultsPostProcessor(logTo:252) - For additional web related logging consider setting the 'logging.level.web' property to 'DEBUG'
2024-01-16 17:50:36,757 [restartedMain] INFO  org.springframework.batch.core.configuration.annotation.BatchRegistrar(registerBeanDefinitions:70) - Finished Spring Batch infrastructure beans configuration in 3 ms.
2024-01-16 17:50:36,938 [restartedMain] INFO  org.springframework.data.repository.config.RepositoryConfigurationDelegate(registerRepositoriesIn:139) - Bootstrapping Spring Data JPA repositories in DEFAULT mode.
2024-01-16 17:50:37,020 [restartedMain] INFO  org.springframework.data.repository.config.RepositoryConfigurationDelegate(registerRepositoriesIn:208) - Finished Spring Data repository scanning in 76 ms. Found 12 JPA repository interfaces.
2024-01-16 17:50:37,258 [restartedMain] WARN  org.springframework.context.support.PostProcessorRegistrationDelegate$BeanPostProcessorChecker(postProcessAfterInitialization:437) - Bean 'jobRegistry' of type [org.springframework.batch.core.configuration.support.MapJobRegistry] is not eligible for getting processed by all BeanPostProcessors (for example: not eligible for auto-proxying). Is this bean getting eagerly injected into a currently created BeanPostProcessor [jobRegistryBeanPostProcessor]? Check the corresponding BeanPostProcessor declaration and its dependencies.
2024-01-16 17:50:37,478 [restartedMain] INFO  org.springframework.boot.web.embedded.tomcat.TomcatWebServer(initialize:109) - Tomcat initialized with port 8080 (http)
2024-01-16 17:50:37,542 [restartedMain] INFO  org.springframework.boot.web.servlet.context.ServletWebServerApplicationContext(prepareWebApplicationContext:296) - Root WebApplicationContext: initialization completed in 1387 ms
2024-01-16 17:50:37,844 [restartedMain] INFO  org.springframework.boot.autoconfigure.h2.H2ConsoleAutoConfiguration(logDataSources:88) - H2 console available at '/h2-console'. Database available at 'jdbc:h2:~/dev'
2024-01-16 17:50:38,263 [restartedMain] INFO  org.springframework.orm.jpa.persistenceunit.SpringPersistenceUnitInfo(addTransformer:87) - No LoadTimeWeaver setup: ignoring JPA class transformer
2024-01-16 17:50:39,206 [restartedMain] INFO  org.springframework.orm.jpa.LocalContainerEntityManagerFactoryBean(buildNativeEntityManagerFactory:437) - Initialized JPA EntityManagerFactory for persistence unit 'default'
2024-01-16 17:50:39,418 [restartedMain] INFO  org.springframework.data.jpa.repository.query.QueryEnhancerFactory(<clinit>:49) - Hibernate is in classpath; If applicable, HQL parser will be used.
2024-01-16 17:50:39,790 [restartedMain] INFO  org.springframework.batch.core.repository.support.JobRepositoryFactoryBean(afterPropertiesSet:274) - No database type set, using meta data indicating: H2
2024-01-16 17:50:39,837 [restartedMain] INFO  org.springframework.batch.core.configuration.annotation.BatchObservabilityBeanPostProcessor(postProcessAfterInitialization:62) - No Micrometer observation registry found, defaulting to ObservationRegistry.NOOP
2024-01-16 17:50:39,862 [restartedMain] INFO  org.springframework.batch.core.launch.support.SimpleJobLauncher(afterPropertiesSet:232) - No TaskExecutor has been set, defaulting to synchronous executor.
2024-01-16 17:50:39,910 [restartedMain] WARN  org.springframework.boot.autoconfigure.orm.jpa.JpaBaseConfiguration$JpaWebConfiguration(openEntityManagerInViewInterceptor:232) - spring.jpa.open-in-view is enabled by default. Therefore, database queries may be performed during view rendering. Explicitly configure spring.jpa.open-in-view to disable this warning
2024-01-16 17:50:40,321 [restartedMain] WARN  org.springframework.boot.autoconfigure.thymeleaf.ThymeleafAutoConfiguration$DefaultTemplateResolverConfiguration(checkTemplateLocationExists:101) - Cannot find template location: classpath:/templates/ (please add some templates, check your Thymeleaf configuration, or set spring.thymeleaf.check-template-location=false)
2024-01-16 17:50:40,762 [restartedMain] INFO  org.springframework.boot.devtools.autoconfigure.OptionalLiveReloadServer(startServer:59) - LiveReload server is running on port 35729
2024-01-16 17:50:40,794 [restartedMain] INFO  org.springframework.boot.web.embedded.tomcat.TomcatWebServer(start:241) - Tomcat started on port 8080 (http) with context path ''
2024-01-16 17:50:40,795 [restartedMain] INFO  org.springframework.scheduling.quartz.SchedulerFactoryBean(startScheduler:729) - Starting Quartz Scheduler now
2024-01-16 17:51:42,408 [SpringApplicationShutdownHook] INFO  org.springframework.scheduling.quartz.SchedulerFactoryBean(destroy:847) - Shutting down Quartz Scheduler
2024-01-16 17:51:42,410 [SpringApplicationShutdownHook] INFO  org.springframework.orm.jpa.LocalContainerEntityManagerFactoryBean(destroy:650) - Closing JPA EntityManagerFactory for persistence unit 'default'
